{"/Users/aeyan/Documents/520/CalendarTime/frontend/src/App.jsx": {"path":"/Users/aeyan/Documents/520/CalendarTime/frontend/src/App.jsx","statementMap":{"0":{"start":{"line":47,"column":42},"end":{"line":47,"column":53}},"1":{"start":{"line":48,"column":2},"end":{"line":60,"column":4}}},"fnMap":{"0":{"name":"App","decl":{"start":{"line":46,"column":9},"end":{"line":46,"column":12}},"loc":{"start":{"line":46,"column":15},"end":{"line":61,"column":1}},"line":46}},"branchMap":{},"s":{"0":0,"1":0},"f":{"0":0},"b":{}}
,"/Users/aeyan/Documents/520/CalendarTime/frontend/src/config.js": {"path":"/Users/aeyan/Documents/520/CalendarTime/frontend/src/config.js","statementMap":{"0":{"start":{"line":1,"column":26},"end":{"line":1,"column":49}}},"fnMap":{},"branchMap":{},"s":{"0":0},"f":{},"b":{}}
,"/Users/aeyan/Documents/520/CalendarTime/frontend/src/main.jsx": {"path":"/Users/aeyan/Documents/520/CalendarTime/frontend/src/main.jsx","statementMap":{"0":{"start":{"line":6,"column":0},"end":{"line":10,"column":2}}},"fnMap":{},"branchMap":{},"s":{"0":0},"f":{},"b":{}}
,"/Users/aeyan/Documents/520/CalendarTime/frontend/src/components/CalendarEvent.jsx": {"path":"/Users/aeyan/Documents/520/CalendarTime/frontend/src/components/CalendarEvent.jsx","statementMap":{"0":{"start":{"line":4,"column":22},"end":{"line":6,"column":1}},"1":{"start":{"line":5,"column":2},"end":{"line":5,"column":56}}},"fnMap":{"0":{"name":"(anonymous_0)","decl":{"start":{"line":4,"column":22},"end":{"line":4,"column":23}},"loc":{"start":{"line":4,"column":37},"end":{"line":6,"column":1}},"line":4}},"branchMap":{},"s":{"0":0,"1":0},"f":{"0":0},"b":{}}
,"/Users/aeyan/Documents/520/CalendarTime/frontend/src/components/CalendarItem.jsx": {"path":"/Users/aeyan/Documents/520/CalendarTime/frontend/src/components/CalendarItem.jsx","statementMap":{"0":{"start":{"line":4,"column":21},"end":{"line":35,"column":1}},"1":{"start":{"line":6,"column":21},"end":{"line":8,"column":3}},"2":{"start":{"line":7,"column":6},"end":{"line":7,"column":45}},"3":{"start":{"line":10,"column":21},"end":{"line":19,"column":3}},"4":{"start":{"line":21,"column":2},"end":{"line":34,"column":4}},"5":{"start":{"line":37,"column":0},"end":{"line":40,"column":2}}},"fnMap":{"0":{"name":"(anonymous_0)","decl":{"start":{"line":4,"column":21},"end":{"line":4,"column":22}},"loc":{"start":{"line":4,"column":45},"end":{"line":35,"column":1}},"line":4},"1":{"name":"(anonymous_1)","decl":{"start":{"line":6,"column":21},"end":{"line":6,"column":22}},"loc":{"start":{"line":6,"column":31},"end":{"line":8,"column":3}},"line":6}},"branchMap":{"0":{"loc":{"start":{"line":11,"column":21},"end":{"line":11,"column":44}},"type":"binary-expr","locations":[{"start":{"line":11,"column":21},"end":{"line":11,"column":31}},{"start":{"line":11,"column":35},"end":{"line":11,"column":44}}],"line":11},"1":{"loc":{"start":{"line":24,"column":60},"end":{"line":24,"column":184}},"type":"cond-expr","locations":[{"start":{"line":24,"column":83},"end":{"line":24,"column":141}},{"start":{"line":24,"column":144},"end":{"line":24,"column":184}}],"line":24},"2":{"loc":{"start":{"line":25,"column":7},"end":{"line":25,"column":120}},"type":"binary-expr","locations":[{"start":{"line":25,"column":7},"end":{"line":25,"column":27}},{"start":{"line":25,"column":31},"end":{"line":25,"column":120}}],"line":25},"3":{"loc":{"start":{"line":25,"column":93},"end":{"line":25,"column":115}},"type":"binary-expr","locations":[{"start":{"line":25,"column":93},"end":{"line":25,"column":106}},{"start":{"line":25,"column":110},"end":{"line":25,"column":115}}],"line":25},"4":{"loc":{"start":{"line":26,"column":71},"end":{"line":26,"column":107}},"type":"binary-expr","locations":[{"start":{"line":26,"column":71},"end":{"line":26,"column":87}},{"start":{"line":26,"column":91},"end":{"line":26,"column":107}}],"line":26},"5":{"loc":{"start":{"line":27,"column":7},"end":{"line":32,"column":7}},"type":"binary-expr","locations":[{"start":{"line":27,"column":7},"end":{"line":27,"column":26}},{"start":{"line":28,"column":8},"end":{"line":31,"column":11}}],"line":27}},"s":{"0":0,"1":0,"2":0,"3":0,"4":0,"5":0},"f":{"0":0,"1":0},"b":{"0":[0,0],"1":[0,0],"2":[0,0],"3":[0,0],"4":[0,0],"5":[0,0]}}
,"/Users/aeyan/Documents/520/CalendarTime/frontend/src/components/CalendarTask.jsx": {"path":"/Users/aeyan/Documents/520/CalendarTime/frontend/src/components/CalendarTask.jsx","statementMap":{"0":{"start":{"line":4,"column":21},"end":{"line":6,"column":1}},"1":{"start":{"line":5,"column":2},"end":{"line":5,"column":54}}},"fnMap":{"0":{"name":"(anonymous_0)","decl":{"start":{"line":4,"column":21},"end":{"line":4,"column":22}},"loc":{"start":{"line":4,"column":35},"end":{"line":6,"column":1}},"line":4}},"branchMap":{},"s":{"0":0,"1":0},"f":{"0":0},"b":{}}
,"/Users/aeyan/Documents/520/CalendarTime/frontend/src/components/CustomDurationInput.jsx": {"path":"/Users/aeyan/Documents/520/CalendarTime/frontend/src/components/CustomDurationInput.jsx","statementMap":{"0":{"start":{"line":5,"column":28},"end":{"line":39,"column":1}},"1":{"start":{"line":12,"column":2},"end":{"line":38,"column":4}}},"fnMap":{"0":{"name":"(anonymous_0)","decl":{"start":{"line":5,"column":28},"end":{"line":5,"column":29}},"loc":{"start":{"line":11,"column":6},"end":{"line":39,"column":1}},"line":11}},"branchMap":{},"s":{"0":0,"1":0},"f":{"0":0},"b":{}}
,"/Users/aeyan/Documents/520/CalendarTime/frontend/src/components/create/EventForm.jsx": {"path":"/Users/aeyan/Documents/520/CalendarTime/frontend/src/components/create/EventForm.jsx","statementMap":{"0":{"start":{"line":13,"column":18},"end":{"line":181,"column":1}},"1":{"start":{"line":14,"column":34},"end":{"line":23,"column":4}},"2":{"start":{"line":25,"column":23},"end":{"line":31,"column":3}},"3":{"start":{"line":26,"column":43},"end":{"line":26,"column":51}},"4":{"start":{"line":27,"column":4},"end":{"line":30,"column":8}},"5":{"start":{"line":27,"column":31},"end":{"line":30,"column":5}},"6":{"start":{"line":33,"column":23},"end":{"line":49,"column":3}},"7":{"start":{"line":34,"column":4},"end":{"line":34,"column":23}},"8":{"start":{"line":35,"column":27},"end":{"line":35,"column":48}},"9":{"start":{"line":36,"column":4},"end":{"line":36,"column":69}},"10":{"start":{"line":37,"column":4},"end":{"line":48,"column":8}},"11":{"start":{"line":44,"column":26},"end":{"line":44,"column":41}},"12":{"start":{"line":45,"column":22},"end":{"line":45,"column":75}},"13":{"start":{"line":47,"column":8},"end":{"line":47,"column":79}},"14":{"start":{"line":51,"column":17},"end":{"line":58,"column":3}},"15":{"start":{"line":60,"column":2},"end":{"line":180,"column":4}},"16":{"start":{"line":156,"column":12},"end":{"line":167,"column":14}},"17":{"start":{"line":158,"column":16},"end":{"line":158,"column":67}},"18":{"start":{"line":158,"column":43},"end":{"line":158,"column":65}}},"fnMap":{"0":{"name":"(anonymous_0)","decl":{"start":{"line":13,"column":18},"end":{"line":13,"column":19}},"loc":{"start":{"line":13,"column":24},"end":{"line":181,"column":1}},"line":13},"1":{"name":"(anonymous_1)","decl":{"start":{"line":25,"column":23},"end":{"line":25,"column":24}},"loc":{"start":{"line":25,"column":30},"end":{"line":31,"column":3}},"line":25},"2":{"name":"(anonymous_2)","decl":{"start":{"line":27,"column":16},"end":{"line":27,"column":17}},"loc":{"start":{"line":27,"column":31},"end":{"line":30,"column":5}},"line":27},"3":{"name":"(anonymous_3)","decl":{"start":{"line":33,"column":23},"end":{"line":33,"column":24}},"loc":{"start":{"line":33,"column":30},"end":{"line":49,"column":3}},"line":33},"4":{"name":"(anonymous_4)","decl":{"start":{"line":44,"column":12},"end":{"line":44,"column":13}},"loc":{"start":{"line":44,"column":26},"end":{"line":44,"column":41}},"line":44},"5":{"name":"(anonymous_5)","decl":{"start":{"line":45,"column":12},"end":{"line":45,"column":13}},"loc":{"start":{"line":45,"column":22},"end":{"line":45,"column":75}},"line":45},"6":{"name":"(anonymous_6)","decl":{"start":{"line":46,"column":13},"end":{"line":46,"column":14}},"loc":{"start":{"line":47,"column":8},"end":{"line":47,"column":79}},"line":47},"7":{"name":"(anonymous_7)","decl":{"start":{"line":155,"column":22},"end":{"line":155,"column":23}},"loc":{"start":{"line":156,"column":12},"end":{"line":167,"column":14}},"line":156},"8":{"name":"(anonymous_8)","decl":{"start":{"line":157,"column":23},"end":{"line":157,"column":24}},"loc":{"start":{"line":158,"column":16},"end":{"line":158,"column":67}},"line":158},"9":{"name":"(anonymous_9)","decl":{"start":{"line":158,"column":28},"end":{"line":158,"column":29}},"loc":{"start":{"line":158,"column":43},"end":{"line":158,"column":65}},"line":158}},"branchMap":{"0":{"loc":{"start":{"line":29,"column":14},"end":{"line":29,"column":51}},"type":"cond-expr","locations":[{"start":{"line":29,"column":36},"end":{"line":29,"column":43}},{"start":{"line":29,"column":46},"end":{"line":29,"column":51}}],"line":29},"1":{"loc":{"start":{"line":164,"column":24},"end":{"line":164,"column":70}},"type":"cond-expr","locations":[{"start":{"line":164,"column":50},"end":{"line":164,"column":59}},{"start":{"line":164,"column":62},"end":{"line":164,"column":70}}],"line":164},"2":{"loc":{"start":{"line":165,"column":23},"end":{"line":165,"column":69}},"type":"cond-expr","locations":[{"start":{"line":165,"column":49},"end":{"line":165,"column":58}},{"start":{"line":165,"column":61},"end":{"line":165,"column":69}}],"line":165}},"s":{"0":0,"1":0,"2":0,"3":0,"4":0,"5":0,"6":0,"7":0,"8":0,"9":0,"10":0,"11":0,"12":0,"13":0,"14":0,"15":0,"16":0,"17":0,"18":0},"f":{"0":0,"1":0,"2":0,"3":0,"4":0,"5":0,"6":0,"7":0,"8":0,"9":0},"b":{"0":[0,0],"1":[0,0],"2":[0,0]}}
,"/Users/aeyan/Documents/520/CalendarTime/frontend/src/components/create/TaskEventContainer.jsx": {"path":"/Users/aeyan/Documents/520/CalendarTime/frontend/src/components/create/TaskEventContainer.jsx","statementMap":{"0":{"start":{"line":6,"column":27},"end":{"line":67,"column":1}},"1":{"start":{"line":7,"column":32},"end":{"line":7,"column":47}},"2":{"start":{"line":9,"column":2},"end":{"line":66,"column":4}},"3":{"start":{"line":41,"column":27},"end":{"line":41,"column":43}},"4":{"start":{"line":53,"column":27},"end":{"line":53,"column":44}}},"fnMap":{"0":{"name":"(anonymous_0)","decl":{"start":{"line":6,"column":27},"end":{"line":6,"column":28}},"loc":{"start":{"line":6,"column":33},"end":{"line":67,"column":1}},"line":6},"1":{"name":"(anonymous_1)","decl":{"start":{"line":41,"column":21},"end":{"line":41,"column":22}},"loc":{"start":{"line":41,"column":27},"end":{"line":41,"column":43}},"line":41},"2":{"name":"(anonymous_2)","decl":{"start":{"line":53,"column":21},"end":{"line":53,"column":22}},"loc":{"start":{"line":53,"column":27},"end":{"line":53,"column":44}},"line":53}},"branchMap":{"0":{"loc":{"start":{"line":36,"column":21},"end":{"line":36,"column":48}},"type":"cond-expr","locations":[{"start":{"line":36,"column":31},"end":{"line":36,"column":38}},{"start":{"line":36,"column":41},"end":{"line":36,"column":48}}],"line":36},"1":{"loc":{"start":{"line":37,"column":31},"end":{"line":37,"column":55}},"type":"cond-expr","locations":[{"start":{"line":37,"column":41},"end":{"line":37,"column":50}},{"start":{"line":37,"column":53},"end":{"line":37,"column":55}}],"line":37},"2":{"loc":{"start":{"line":42,"column":21},"end":{"line":42,"column":51}},"type":"cond-expr","locations":[{"start":{"line":42,"column":31},"end":{"line":42,"column":42}},{"start":{"line":42,"column":45},"end":{"line":42,"column":51}}],"line":42},"3":{"loc":{"start":{"line":48,"column":21},"end":{"line":48,"column":48}},"type":"cond-expr","locations":[{"start":{"line":48,"column":31},"end":{"line":48,"column":38}},{"start":{"line":48,"column":41},"end":{"line":48,"column":48}}],"line":48},"4":{"loc":{"start":{"line":49,"column":31},"end":{"line":49,"column":55}},"type":"cond-expr","locations":[{"start":{"line":49,"column":41},"end":{"line":49,"column":43}},{"start":{"line":49,"column":46},"end":{"line":49,"column":55}}],"line":49},"5":{"loc":{"start":{"line":54,"column":21},"end":{"line":54,"column":51}},"type":"cond-expr","locations":[{"start":{"line":54,"column":31},"end":{"line":54,"column":37}},{"start":{"line":54,"column":40},"end":{"line":54,"column":51}}],"line":54},"6":{"loc":{"start":{"line":62,"column":9},"end":{"line":62,"column":43}},"type":"cond-expr","locations":[{"start":{"line":62,"column":19},"end":{"line":62,"column":30}},{"start":{"line":62,"column":33},"end":{"line":62,"column":43}}],"line":62},"7":{"loc":{"start":{"line":64,"column":7},"end":{"line":64,"column":45}},"type":"cond-expr","locations":[{"start":{"line":64,"column":17},"end":{"line":64,"column":30}},{"start":{"line":64,"column":33},"end":{"line":64,"column":45}}],"line":64}},"s":{"0":0,"1":0,"2":0,"3":0,"4":0},"f":{"0":0,"1":0,"2":0},"b":{"0":[0,0],"1":[0,0],"2":[0,0],"3":[0,0],"4":[0,0],"5":[0,0],"6":[0,0],"7":[0,0]}}
,"/Users/aeyan/Documents/520/CalendarTime/frontend/src/components/create/TaskForm.jsx": {"path":"/Users/aeyan/Documents/520/CalendarTime/frontend/src/components/create/TaskForm.jsx","statementMap":{"0":{"start":{"line":14,"column":17},"end":{"line":204,"column":1}},"1":{"start":{"line":15,"column":34},"end":{"line":25,"column":4}},"2":{"start":{"line":27,"column":23},"end":{"line":34,"column":3}},"3":{"start":{"line":28,"column":43},"end":{"line":28,"column":51}},"4":{"start":{"line":29,"column":4},"end":{"line":29,"column":44}},"5":{"start":{"line":30,"column":4},"end":{"line":33,"column":8}},"6":{"start":{"line":30,"column":31},"end":{"line":33,"column":5}},"7":{"start":{"line":36,"column":23},"end":{"line":52,"column":3}},"8":{"start":{"line":37,"column":4},"end":{"line":37,"column":23}},"9":{"start":{"line":38,"column":26},"end":{"line":38,"column":46}},"10":{"start":{"line":39,"column":4},"end":{"line":39,"column":67}},"11":{"start":{"line":40,"column":4},"end":{"line":51,"column":8}},"12":{"start":{"line":47,"column":26},"end":{"line":47,"column":41}},"13":{"start":{"line":48,"column":22},"end":{"line":48,"column":74}},"14":{"start":{"line":50,"column":8},"end":{"line":50,"column":78}},"15":{"start":{"line":54,"column":26},"end":{"line":59,"column":3}},"16":{"start":{"line":55,"column":4},"end":{"line":58,"column":8}},"17":{"start":{"line":55,"column":31},"end":{"line":58,"column":5}},"18":{"start":{"line":61,"column":26},"end":{"line":67,"column":3}},"19":{"start":{"line":62,"column":4},"end":{"line":62,"column":39}},"20":{"start":{"line":62,"column":32},"end":{"line":62,"column":39}},"21":{"start":{"line":63,"column":4},"end":{"line":66,"column":8}},"22":{"start":{"line":63,"column":31},"end":{"line":66,"column":5}},"23":{"start":{"line":69,"column":17},"end":{"line":76,"column":3}},"24":{"start":{"line":78,"column":2},"end":{"line":203,"column":4}},"25":{"start":{"line":179,"column":12},"end":{"line":190,"column":14}},"26":{"start":{"line":181,"column":16},"end":{"line":181,"column":67}},"27":{"start":{"line":181,"column":43},"end":{"line":181,"column":65}}},"fnMap":{"0":{"name":"(anonymous_0)","decl":{"start":{"line":14,"column":17},"end":{"line":14,"column":18}},"loc":{"start":{"line":14,"column":23},"end":{"line":204,"column":1}},"line":14},"1":{"name":"(anonymous_1)","decl":{"start":{"line":27,"column":23},"end":{"line":27,"column":24}},"loc":{"start":{"line":27,"column":30},"end":{"line":34,"column":3}},"line":27},"2":{"name":"(anonymous_2)","decl":{"start":{"line":30,"column":16},"end":{"line":30,"column":17}},"loc":{"start":{"line":30,"column":31},"end":{"line":33,"column":5}},"line":30},"3":{"name":"(anonymous_3)","decl":{"start":{"line":36,"column":23},"end":{"line":36,"column":24}},"loc":{"start":{"line":36,"column":30},"end":{"line":52,"column":3}},"line":36},"4":{"name":"(anonymous_4)","decl":{"start":{"line":47,"column":12},"end":{"line":47,"column":13}},"loc":{"start":{"line":47,"column":26},"end":{"line":47,"column":41}},"line":47},"5":{"name":"(anonymous_5)","decl":{"start":{"line":48,"column":12},"end":{"line":48,"column":13}},"loc":{"start":{"line":48,"column":22},"end":{"line":48,"column":74}},"line":48},"6":{"name":"(anonymous_6)","decl":{"start":{"line":49,"column":13},"end":{"line":49,"column":14}},"loc":{"start":{"line":50,"column":8},"end":{"line":50,"column":78}},"line":50},"7":{"name":"(anonymous_7)","decl":{"start":{"line":54,"column":26},"end":{"line":54,"column":27}},"loc":{"start":{"line":54,"column":32},"end":{"line":59,"column":3}},"line":54},"8":{"name":"(anonymous_8)","decl":{"start":{"line":55,"column":16},"end":{"line":55,"column":17}},"loc":{"start":{"line":55,"column":31},"end":{"line":58,"column":5}},"line":55},"9":{"name":"(anonymous_9)","decl":{"start":{"line":61,"column":26},"end":{"line":61,"column":27}},"loc":{"start":{"line":61,"column":32},"end":{"line":67,"column":3}},"line":61},"10":{"name":"(anonymous_10)","decl":{"start":{"line":63,"column":16},"end":{"line":63,"column":17}},"loc":{"start":{"line":63,"column":31},"end":{"line":66,"column":5}},"line":63},"11":{"name":"(anonymous_11)","decl":{"start":{"line":178,"column":22},"end":{"line":178,"column":23}},"loc":{"start":{"line":179,"column":12},"end":{"line":190,"column":14}},"line":179},"12":{"name":"(anonymous_12)","decl":{"start":{"line":180,"column":23},"end":{"line":180,"column":24}},"loc":{"start":{"line":181,"column":16},"end":{"line":181,"column":67}},"line":181},"13":{"name":"(anonymous_13)","decl":{"start":{"line":181,"column":28},"end":{"line":181,"column":29}},"loc":{"start":{"line":181,"column":43},"end":{"line":181,"column":65}},"line":181}},"branchMap":{"0":{"loc":{"start":{"line":32,"column":14},"end":{"line":32,"column":51}},"type":"cond-expr","locations":[{"start":{"line":32,"column":36},"end":{"line":32,"column":43}},{"start":{"line":32,"column":46},"end":{"line":32,"column":51}}],"line":32},"1":{"loc":{"start":{"line":62,"column":4},"end":{"line":62,"column":39}},"type":"if","locations":[{"start":{"line":62,"column":4},"end":{"line":62,"column":39}},{"start":{},"end":{}}],"line":62},"2":{"loc":{"start":{"line":187,"column":24},"end":{"line":187,"column":70}},"type":"cond-expr","locations":[{"start":{"line":187,"column":50},"end":{"line":187,"column":59}},{"start":{"line":187,"column":62},"end":{"line":187,"column":70}}],"line":187},"3":{"loc":{"start":{"line":188,"column":23},"end":{"line":188,"column":69}},"type":"cond-expr","locations":[{"start":{"line":188,"column":49},"end":{"line":188,"column":58}},{"start":{"line":188,"column":61},"end":{"line":188,"column":69}}],"line":188}},"s":{"0":0,"1":0,"2":0,"3":0,"4":0,"5":0,"6":0,"7":0,"8":0,"9":0,"10":0,"11":0,"12":0,"13":0,"14":0,"15":0,"16":0,"17":0,"18":0,"19":0,"20":0,"21":0,"22":0,"23":0,"24":0,"25":0,"26":0,"27":0},"f":{"0":0,"1":0,"2":0,"3":0,"4":0,"5":0,"6":0,"7":0,"8":0,"9":0,"10":0,"11":0,"12":0,"13":0},"b":{"0":[0,0],"1":[0,0],"2":[0,0],"3":[0,0]}}
,"/Users/aeyan/Documents/520/CalendarTime/frontend/src/components/main-page/CalendarGrid.jsx": {"path":"/Users/aeyan/Documents/520/CalendarTime/frontend/src/components/main-page/CalendarGrid.jsx","statementMap":{"0":{"start":{"line":4,"column":27},"end":{"line":102,"column":1}},"1":{"start":{"line":5,"column":21},"end":{"line":13,"column":3}},"2":{"start":{"line":15,"column":21},"end":{"line":15,"column":68}},"3":{"start":{"line":15,"column":62},"end":{"line":15,"column":67}},"4":{"start":{"line":16,"column":2},"end":{"line":16,"column":26}},"5":{"start":{"line":18,"column":17},"end":{"line":22,"column":3}},"6":{"start":{"line":24,"column":19},"end":{"line":28,"column":5}},"7":{"start":{"line":25,"column":4},"end":{"line":28,"column":5}},"8":{"start":{"line":27,"column":8},"end":{"line":27,"column":48}},"9":{"start":{"line":30,"column":40},"end":{"line":30,"column":51}},"10":{"start":{"line":32,"column":2},"end":{"line":32,"column":63}},"11":{"start":{"line":34,"column":27},"end":{"line":36,"column":3}},"12":{"start":{"line":35,"column":4},"end":{"line":35,"column":28}},"13":{"start":{"line":38,"column":2},"end":{"line":101,"column":4}},"14":{"start":{"line":42,"column":25},"end":{"line":42,"column":58}},"15":{"start":{"line":49,"column":25},"end":{"line":49,"column":58}},"16":{"start":{"line":63,"column":20},"end":{"line":69,"column":25}},"17":{"start":{"line":78,"column":18},"end":{"line":93,"column":20}},"18":{"start":{"line":85,"column":24},"end":{"line":90,"column":66}}},"fnMap":{"0":{"name":"(anonymous_0)","decl":{"start":{"line":4,"column":27},"end":{"line":4,"column":28}},"loc":{"start":{"line":4,"column":33},"end":{"line":102,"column":1}},"line":4},"1":{"name":"(anonymous_1)","decl":{"start":{"line":15,"column":48},"end":{"line":15,"column":49}},"loc":{"start":{"line":15,"column":62},"end":{"line":15,"column":67}},"line":15},"2":{"name":"(anonymous_2)","decl":{"start":{"line":24,"column":19},"end":{"line":24,"column":20}},"loc":{"start":{"line":25,"column":4},"end":{"line":28,"column":5}},"line":25},"3":{"name":"(anonymous_3)","decl":{"start":{"line":26,"column":6},"end":{"line":26,"column":7}},"loc":{"start":{"line":27,"column":8},"end":{"line":27,"column":48}},"line":27},"4":{"name":"(anonymous_4)","decl":{"start":{"line":34,"column":27},"end":{"line":34,"column":28}},"loc":{"start":{"line":34,"column":40},"end":{"line":36,"column":3}},"line":34},"5":{"name":"(anonymous_5)","decl":{"start":{"line":42,"column":19},"end":{"line":42,"column":20}},"loc":{"start":{"line":42,"column":25},"end":{"line":42,"column":58}},"line":42},"6":{"name":"(anonymous_6)","decl":{"start":{"line":49,"column":19},"end":{"line":49,"column":20}},"loc":{"start":{"line":49,"column":25},"end":{"line":49,"column":58}},"line":49},"7":{"name":"(anonymous_7)","decl":{"start":{"line":62,"column":34},"end":{"line":62,"column":35}},"loc":{"start":{"line":63,"column":20},"end":{"line":69,"column":25}},"line":63},"8":{"name":"(anonymous_8)","decl":{"start":{"line":74,"column":32},"end":{"line":74,"column":33}},"loc":{"start":{"line":74,"column":53},"end":{"line":94,"column":17}},"line":74},"9":{"name":"(anonymous_9)","decl":{"start":{"line":84,"column":38},"end":{"line":84,"column":39}},"loc":{"start":{"line":85,"column":24},"end":{"line":90,"column":66}},"line":85}},"branchMap":{"0":{"loc":{"start":{"line":27,"column":8},"end":{"line":27,"column":48}},"type":"binary-expr","locations":[{"start":{"line":27,"column":8},"end":{"line":27,"column":25}},{"start":{"line":27,"column":29},"end":{"line":27,"column":48}}],"line":27},"1":{"loc":{"start":{"line":88,"column":28},"end":{"line":88,"column":66}},"type":"cond-expr","locations":[{"start":{"line":88,"column":50},"end":{"line":88,"column":61}},{"start":{"line":88,"column":64},"end":{"line":88,"column":66}}],"line":88},"2":{"loc":{"start":{"line":90,"column":26},"end":{"line":90,"column":60}},"type":"cond-expr","locations":[{"start":{"line":90,"column":48},"end":{"line":90,"column":55}},{"start":{"line":90,"column":58},"end":{"line":90,"column":60}}],"line":90}},"s":{"0":0,"1":0,"2":0,"3":0,"4":0,"5":0,"6":0,"7":0,"8":0,"9":0,"10":0,"11":0,"12":0,"13":0,"14":0,"15":0,"16":0,"17":0,"18":0},"f":{"0":0,"1":0,"2":0,"3":0,"4":0,"5":0,"6":0,"7":0,"8":0,"9":0},"b":{"0":[0,0],"1":[0,0],"2":[0,0]}}
,"/Users/aeyan/Documents/520/CalendarTime/frontend/src/components/main-page/ContentGrid.jsx": {"path":"/Users/aeyan/Documents/520/CalendarTime/frontend/src/components/main-page/ContentGrid.jsx","statementMap":{"0":{"start":{"line":6,"column":20},"end":{"line":22,"column":1}},"1":{"start":{"line":9,"column":2},"end":{"line":19,"column":3}},"2":{"start":{"line":11,"column":6},"end":{"line":11,"column":39}},"3":{"start":{"line":12,"column":6},"end":{"line":12,"column":12}},"4":{"start":{"line":14,"column":6},"end":{"line":14,"column":39}},"5":{"start":{"line":15,"column":6},"end":{"line":15,"column":12}},"6":{"start":{"line":18,"column":6},"end":{"line":18,"column":43}},"7":{"start":{"line":21,"column":2},"end":{"line":21,"column":65}}},"fnMap":{"0":{"name":"(anonymous_0)","decl":{"start":{"line":6,"column":20},"end":{"line":6,"column":21}},"loc":{"start":{"line":6,"column":46},"end":{"line":22,"column":1}},"line":6}},"branchMap":{"0":{"loc":{"start":{"line":6,"column":23},"end":{"line":6,"column":39}},"type":"default-arg","locations":[{"start":{"line":6,"column":38},"end":{"line":6,"column":39}}],"line":6},"1":{"loc":{"start":{"line":9,"column":2},"end":{"line":19,"column":3}},"type":"switch","locations":[{"start":{"line":10,"column":4},"end":{"line":12,"column":12}},{"start":{"line":13,"column":4},"end":{"line":15,"column":12}},{"start":{"line":16,"column":4},"end":{"line":18,"column":43}}],"line":9}},"s":{"0":0,"1":0,"2":0,"3":0,"4":0,"5":0,"6":0,"7":0},"f":{"0":0},"b":{"0":[0],"1":[0,0,0]}}
,"/Users/aeyan/Documents/520/CalendarTime/frontend/src/components/main-page/Header.jsx": {"path":"/Users/aeyan/Documents/520/CalendarTime/frontend/src/components/main-page/Header.jsx","statementMap":{"0":{"start":{"line":10,"column":15},"end":{"line":62,"column":1}},"1":{"start":{"line":11,"column":38},"end":{"line":11,"column":53}},"2":{"start":{"line":13,"column":27},"end":{"line":13,"column":52}},"3":{"start":{"line":13,"column":33},"end":{"line":13,"column":52}},"4":{"start":{"line":14,"column":28},"end":{"line":14,"column":54}},"5":{"start":{"line":14,"column":34},"end":{"line":14,"column":54}},"6":{"start":{"line":16,"column":2},"end":{"line":61,"column":4}}},"fnMap":{"0":{"name":"(anonymous_0)","decl":{"start":{"line":10,"column":15},"end":{"line":10,"column":16}},"loc":{"start":{"line":10,"column":55},"end":{"line":62,"column":1}},"line":10},"1":{"name":"(anonymous_1)","decl":{"start":{"line":13,"column":27},"end":{"line":13,"column":28}},"loc":{"start":{"line":13,"column":33},"end":{"line":13,"column":52}},"line":13},"2":{"name":"(anonymous_2)","decl":{"start":{"line":14,"column":28},"end":{"line":14,"column":29}},"loc":{"start":{"line":14,"column":34},"end":{"line":14,"column":54}},"line":14}},"branchMap":{},"s":{"0":0,"1":0,"2":0,"3":0,"4":0,"5":0,"6":0},"f":{"0":0,"1":0,"2":0},"b":{}}
,"/Users/aeyan/Documents/520/CalendarTime/frontend/src/components/main-page/LeftPanel.jsx": {"path":"/Users/aeyan/Documents/520/CalendarTime/frontend/src/components/main-page/LeftPanel.jsx","statementMap":{"0":{"start":{"line":6,"column":18},"end":{"line":97,"column":1}},"1":{"start":{"line":7,"column":60},"end":{"line":7,"column":75}},"2":{"start":{"line":9,"column":37},"end":{"line":11,"column":3}},"3":{"start":{"line":10,"column":4},"end":{"line":10,"column":53}},"4":{"start":{"line":13,"column":2},"end":{"line":28,"column":30}},"5":{"start":{"line":14,"column":37},"end":{"line":21,"column":5}},"6":{"start":{"line":15,"column":6},"end":{"line":20,"column":7}},"7":{"start":{"line":19,"column":8},"end":{"line":19,"column":40}},"8":{"start":{"line":23,"column":4},"end":{"line":23,"column":65}},"9":{"start":{"line":25,"column":4},"end":{"line":27,"column":6}},"10":{"start":{"line":26,"column":6},"end":{"line":26,"column":70}},"11":{"start":{"line":30,"column":28},"end":{"line":32,"column":3}},"12":{"start":{"line":31,"column":4},"end":{"line":31,"column":28}},"13":{"start":{"line":34,"column":2},"end":{"line":96,"column":4}},"14":{"start":{"line":48,"column":25},"end":{"line":48,"column":45}},"15":{"start":{"line":61,"column":53},"end":{"line":61,"column":73}},"16":{"start":{"line":69,"column":53},"end":{"line":69,"column":73}}},"fnMap":{"0":{"name":"(anonymous_0)","decl":{"start":{"line":6,"column":18},"end":{"line":6,"column":19}},"loc":{"start":{"line":6,"column":57},"end":{"line":97,"column":1}},"line":6},"1":{"name":"(anonymous_1)","decl":{"start":{"line":9,"column":37},"end":{"line":9,"column":38}},"loc":{"start":{"line":9,"column":43},"end":{"line":11,"column":3}},"line":9},"2":{"name":"(anonymous_2)","decl":{"start":{"line":13,"column":12},"end":{"line":13,"column":13}},"loc":{"start":{"line":13,"column":18},"end":{"line":28,"column":3}},"line":13},"3":{"name":"(anonymous_3)","decl":{"start":{"line":14,"column":37},"end":{"line":14,"column":38}},"loc":{"start":{"line":14,"column":48},"end":{"line":21,"column":5}},"line":14},"4":{"name":"(anonymous_4)","decl":{"start":{"line":25,"column":11},"end":{"line":25,"column":12}},"loc":{"start":{"line":25,"column":17},"end":{"line":27,"column":5}},"line":25},"5":{"name":"(anonymous_5)","decl":{"start":{"line":30,"column":28},"end":{"line":30,"column":29}},"loc":{"start":{"line":30,"column":40},"end":{"line":32,"column":3}},"line":30},"6":{"name":"(anonymous_6)","decl":{"start":{"line":48,"column":19},"end":{"line":48,"column":20}},"loc":{"start":{"line":48,"column":25},"end":{"line":48,"column":45}},"line":48},"7":{"name":"(anonymous_7)","decl":{"start":{"line":61,"column":47},"end":{"line":61,"column":48}},"loc":{"start":{"line":61,"column":53},"end":{"line":61,"column":73}},"line":61},"8":{"name":"(anonymous_8)","decl":{"start":{"line":69,"column":47},"end":{"line":69,"column":48}},"loc":{"start":{"line":69,"column":53},"end":{"line":69,"column":73}},"line":69}},"branchMap":{"0":{"loc":{"start":{"line":15,"column":6},"end":{"line":20,"column":7}},"type":"if","locations":[{"start":{"line":15,"column":6},"end":{"line":20,"column":7}},{"start":{},"end":{}}],"line":15},"1":{"loc":{"start":{"line":16,"column":8},"end":{"line":17,"column":64}},"type":"binary-expr","locations":[{"start":{"line":16,"column":8},"end":{"line":16,"column":29}},{"start":{"line":17,"column":8},"end":{"line":17,"column":64}}],"line":16},"2":{"loc":{"start":{"line":50,"column":29},"end":{"line":50,"column":75}},"type":"cond-expr","locations":[{"start":{"line":50,"column":50},"end":{"line":50,"column":59}},{"start":{"line":50,"column":62},"end":{"line":50,"column":75}}],"line":50},"3":{"loc":{"start":{"line":51,"column":19},"end":{"line":51,"column":57}},"type":"cond-expr","locations":[{"start":{"line":51,"column":40},"end":{"line":51,"column":47}},{"start":{"line":51,"column":50},"end":{"line":51,"column":57}}],"line":51},"4":{"loc":{"start":{"line":90,"column":7},"end":{"line":94,"column":7}},"type":"binary-expr","locations":[{"start":{"line":90,"column":7},"end":{"line":90,"column":28}},{"start":{"line":91,"column":8},"end":{"line":93,"column":14}}],"line":90}},"s":{"0":0,"1":0,"2":0,"3":0,"4":0,"5":0,"6":0,"7":0,"8":0,"9":0,"10":0,"11":0,"12":0,"13":0,"14":0,"15":0,"16":0},"f":{"0":0,"1":0,"2":0,"3":0,"4":0,"5":0,"6":0,"7":0,"8":0},"b":{"0":[0,0],"1":[0,0],"2":[0,0],"3":[0,0],"4":[0,0]}}
,"/Users/aeyan/Documents/520/CalendarTime/frontend/src/components/main-page/Settings.jsx": {"path":"/Users/aeyan/Documents/520/CalendarTime/frontend/src/components/main-page/Settings.jsx","statementMap":{"0":{"start":{"line":5,"column":21},"end":{"line":13,"column":1}},"1":{"start":{"line":6,"column":2},"end":{"line":12,"column":4}}},"fnMap":{"0":{"name":"(anonymous_0)","decl":{"start":{"line":5,"column":21},"end":{"line":5,"column":22}},"loc":{"start":{"line":5,"column":27},"end":{"line":13,"column":1}},"line":5}},"branchMap":{},"s":{"0":0,"1":0},"f":{"0":0},"b":{}}
,"/Users/aeyan/Documents/520/CalendarTime/frontend/src/components/main-page/SmallCalendar.jsx": {"path":"/Users/aeyan/Documents/520/CalendarTime/frontend/src/components/main-page/SmallCalendar.jsx","statementMap":{"0":{"start":{"line":6,"column":28},"end":{"line":6,"column":48}},"1":{"start":{"line":9,"column":25},"end":{"line":16,"column":3}},"2":{"start":{"line":18,"column":2},"end":{"line":33,"column":4}},"3":{"start":{"line":24,"column":10},"end":{"line":29,"column":17}}},"fnMap":{"0":{"name":"SmallCalendar","decl":{"start":{"line":5,"column":9},"end":{"line":5,"column":22}},"loc":{"start":{"line":5,"column":25},"end":{"line":34,"column":1}},"line":5},"1":{"name":"(anonymous_1)","decl":{"start":{"line":23,"column":25},"end":{"line":23,"column":26}},"loc":{"start":{"line":24,"column":10},"end":{"line":29,"column":17}},"line":24}},"branchMap":{},"s":{"0":0,"1":0,"2":0,"3":0},"f":{"0":0,"1":0},"b":{}}
,"/Users/aeyan/Documents/520/CalendarTime/frontend/src/components/main-page/ToDoList.jsx": {"path":"/Users/aeyan/Documents/520/CalendarTime/frontend/src/components/main-page/ToDoList.jsx","statementMap":{"0":{"start":{"line":5,"column":17},"end":{"line":13,"column":1}},"1":{"start":{"line":6,"column":2},"end":{"line":12,"column":4}}},"fnMap":{"0":{"name":"(anonymous_0)","decl":{"start":{"line":5,"column":17},"end":{"line":5,"column":18}},"loc":{"start":{"line":5,"column":23},"end":{"line":13,"column":1}},"line":5}},"branchMap":{},"s":{"0":1,"1":2},"f":{"0":2},"b":{},"_coverageSchema":"1a1c01bbd47fc00a2c39e90264f33305004495a9","hash":"89e1808aec63a796d836896bc217b99f4a1ca94f"}
,"/Users/aeyan/Documents/520/CalendarTime/frontend/src/components/main-page/WeeklyCalendar.jsx": {"path":"/Users/aeyan/Documents/520/CalendarTime/frontend/src/components/main-page/WeeklyCalendar.jsx","statementMap":{"0":{"start":{"line":15,"column":23},"end":{"line":52,"column":1}},"1":{"start":{"line":55,"column":10},"end":{"line":60,"column":3}},"2":{"start":{"line":62,"column":14},"end":{"line":62,"column":30}},"3":{"start":{"line":63,"column":12},"end":{"line":63,"column":29}},"4":{"start":{"line":65,"column":17},"end":{"line":69,"column":3}},"5":{"start":{"line":66,"column":4},"end":{"line":68,"column":8}},"6":{"start":{"line":66,"column":25},"end":{"line":68,"column":5}},"7":{"start":{"line":71,"column":21},"end":{"line":75,"column":3}},"8":{"start":{"line":72,"column":4},"end":{"line":74,"column":8}},"9":{"start":{"line":72,"column":25},"end":{"line":74,"column":5}},"10":{"start":{"line":77,"column":17},"end":{"line":82,"column":3}},"11":{"start":{"line":78,"column":4},"end":{"line":81,"column":7}},"12":{"start":{"line":84,"column":15},"end":{"line":89,"column":3}},"13":{"start":{"line":85,"column":4},"end":{"line":88,"column":7}},"14":{"start":{"line":92,"column":38},"end":{"line":92,"column":48}},"15":{"start":{"line":94,"column":4},"end":{"line":119,"column":6}},"16":{"start":{"line":123,"column":23},"end":{"line":171,"column":1}},"17":{"start":{"line":124,"column":26},"end":{"line":124,"column":47}},"18":{"start":{"line":125,"column":21},"end":{"line":125,"column":40}},"19":{"start":{"line":125,"column":27},"end":{"line":125,"column":40}},"20":{"start":{"line":126,"column":22},"end":{"line":126,"column":42}},"21":{"start":{"line":126,"column":28},"end":{"line":126,"column":42}},"22":{"start":{"line":128,"column":16},"end":{"line":138,"column":3}},"23":{"start":{"line":140,"column":2},"end":{"line":170,"column":4}}},"fnMap":{"0":{"name":"(anonymous_0)","decl":{"start":{"line":65,"column":17},"end":{"line":65,"column":18}},"loc":{"start":{"line":65,"column":23},"end":{"line":69,"column":3}},"line":65},"1":{"name":"(anonymous_1)","decl":{"start":{"line":66,"column":18},"end":{"line":66,"column":19}},"loc":{"start":{"line":66,"column":25},"end":{"line":68,"column":5}},"line":66},"2":{"name":"(anonymous_2)","decl":{"start":{"line":71,"column":21},"end":{"line":71,"column":22}},"loc":{"start":{"line":71,"column":27},"end":{"line":75,"column":3}},"line":71},"3":{"name":"(anonymous_3)","decl":{"start":{"line":72,"column":18},"end":{"line":72,"column":19}},"loc":{"start":{"line":72,"column":25},"end":{"line":74,"column":5}},"line":72},"4":{"name":"(anonymous_4)","decl":{"start":{"line":77,"column":17},"end":{"line":77,"column":18}},"loc":{"start":{"line":77,"column":28},"end":{"line":82,"column":3}},"line":77},"5":{"name":"(anonymous_5)","decl":{"start":{"line":84,"column":15},"end":{"line":84,"column":16}},"loc":{"start":{"line":84,"column":21},"end":{"line":89,"column":3}},"line":84},"6":{"name":"(anonymous_6)","decl":{"start":{"line":91,"column":2},"end":{"line":91,"column":3}},"loc":{"start":{"line":91,"column":11},"end":{"line":120,"column":3}},"line":91},"7":{"name":"(anonymous_7)","decl":{"start":{"line":123,"column":23},"end":{"line":123,"column":24}},"loc":{"start":{"line":123,"column":34},"end":{"line":171,"column":1}},"line":123},"8":{"name":"(anonymous_8)","decl":{"start":{"line":125,"column":21},"end":{"line":125,"column":22}},"loc":{"start":{"line":125,"column":27},"end":{"line":125,"column":40}},"line":125},"9":{"name":"(anonymous_9)","decl":{"start":{"line":126,"column":22},"end":{"line":126,"column":23}},"loc":{"start":{"line":126,"column":28},"end":{"line":126,"column":42}},"line":126}},"branchMap":{},"s":{"0":1,"1":3,"2":3,"3":3,"4":3,"5":1,"6":1,"7":3,"8":1,"9":1,"10":3,"11":0,"12":3,"13":0,"14":5,"15":5,"16":1,"17":0,"18":0,"19":0,"20":0,"21":0,"22":0,"23":0},"f":{"0":1,"1":1,"2":1,"3":1,"4":0,"5":0,"6":5,"7":0,"8":0,"9":0},"b":{},"_coverageSchema":"1a1c01bbd47fc00a2c39e90264f33305004495a9","hash":"8ff34ef7121c46552ad127c7f4e5d974e7a80efc"}
}
