{"/Users/aeyan/Documents/520/CalendarTime/frontend/src/App.jsx": {"path":"/Users/aeyan/Documents/520/CalendarTime/frontend/src/App.jsx","statementMap":{"0":{"start":{"line":9,"column":20},"end":{"line":9,"column":37}},"1":{"start":{"line":13,"column":42},"end":{"line":13,"column":53}},"2":{"start":{"line":14,"column":2},"end":{"line":27,"column":4}}},"fnMap":{"0":{"name":"App","decl":{"start":{"line":12,"column":9},"end":{"line":12,"column":12}},"loc":{"start":{"line":12,"column":15},"end":{"line":28,"column":1}},"line":12}},"branchMap":{},"s":{"0":0,"1":0,"2":0},"f":{"0":0},"b":{}}
,"/Users/aeyan/Documents/520/CalendarTime/frontend/src/EventContext.jsx": {"path":"/Users/aeyan/Documents/520/CalendarTime/frontend/src/EventContext.jsx","statementMap":{"0":{"start":{"line":4,"column":21},"end":{"line":4,"column":36}},"1":{"start":{"line":6,"column":31},"end":{"line":6,"column":61}},"2":{"start":{"line":6,"column":37},"end":{"line":6,"column":61}},"3":{"start":{"line":8,"column":29},"end":{"line":24,"column":1}},"4":{"start":{"line":9,"column":42},"end":{"line":9,"column":57}},"5":{"start":{"line":11,"column":28},"end":{"line":13,"column":3}},"6":{"start":{"line":12,"column":4},"end":{"line":12,"column":26}},"7":{"start":{"line":15,"column":28},"end":{"line":17,"column":3}},"8":{"start":{"line":16,"column":4},"end":{"line":16,"column":27}},"9":{"start":{"line":19,"column":2},"end":{"line":23,"column":4}}},"fnMap":{"0":{"name":"(anonymous_0)","decl":{"start":{"line":6,"column":31},"end":{"line":6,"column":32}},"loc":{"start":{"line":6,"column":37},"end":{"line":6,"column":61}},"line":6},"1":{"name":"(anonymous_1)","decl":{"start":{"line":8,"column":29},"end":{"line":8,"column":30}},"loc":{"start":{"line":8,"column":47},"end":{"line":24,"column":1}},"line":8},"2":{"name":"(anonymous_2)","decl":{"start":{"line":11,"column":28},"end":{"line":11,"column":29}},"loc":{"start":{"line":11,"column":34},"end":{"line":13,"column":3}},"line":11},"3":{"name":"(anonymous_3)","decl":{"start":{"line":15,"column":28},"end":{"line":15,"column":29}},"loc":{"start":{"line":15,"column":34},"end":{"line":17,"column":3}},"line":15}},"branchMap":{},"s":{"0":0,"1":0,"2":0,"3":0,"4":0,"5":0,"6":0,"7":0,"8":0,"9":0},"f":{"0":0,"1":0,"2":0,"3":0},"b":{}}
,"/Users/aeyan/Documents/520/CalendarTime/frontend/src/config.js": {"path":"/Users/aeyan/Documents/520/CalendarTime/frontend/src/config.js","statementMap":{"0":{"start":{"line":1,"column":26},"end":{"line":1,"column":49}}},"fnMap":{},"branchMap":{},"s":{"0":1},"f":{},"b":{},"_coverageSchema":"1a1c01bbd47fc00a2c39e90264f33305004495a9","hash":"9707df954f62378e308d74c3d3b196a000602841"}
,"/Users/aeyan/Documents/520/CalendarTime/frontend/src/main.jsx": {"path":"/Users/aeyan/Documents/520/CalendarTime/frontend/src/main.jsx","statementMap":{"0":{"start":{"line":6,"column":0},"end":{"line":10,"column":2}}},"fnMap":{},"branchMap":{},"s":{"0":0},"f":{},"b":{}}
,"/Users/aeyan/Documents/520/CalendarTime/frontend/src/components/CalendarEvent.jsx": {"path":"/Users/aeyan/Documents/520/CalendarTime/frontend/src/components/CalendarEvent.jsx","statementMap":{"0":{"start":{"line":4,"column":22},"end":{"line":6,"column":1}},"1":{"start":{"line":5,"column":2},"end":{"line":5,"column":56}}},"fnMap":{"0":{"name":"(anonymous_0)","decl":{"start":{"line":4,"column":22},"end":{"line":4,"column":23}},"loc":{"start":{"line":4,"column":37},"end":{"line":6,"column":1}},"line":4}},"branchMap":{},"s":{"0":0,"1":0},"f":{"0":0},"b":{}}
,"/Users/aeyan/Documents/520/CalendarTime/frontend/src/components/CalendarItem.jsx": {"path":"/Users/aeyan/Documents/520/CalendarTime/frontend/src/components/CalendarItem.jsx","statementMap":{"0":{"start":{"line":4,"column":21},"end":{"line":35,"column":1}},"1":{"start":{"line":6,"column":21},"end":{"line":8,"column":3}},"2":{"start":{"line":7,"column":6},"end":{"line":7,"column":45}},"3":{"start":{"line":10,"column":21},"end":{"line":19,"column":3}},"4":{"start":{"line":21,"column":2},"end":{"line":34,"column":4}},"5":{"start":{"line":37,"column":0},"end":{"line":40,"column":2}}},"fnMap":{"0":{"name":"(anonymous_0)","decl":{"start":{"line":4,"column":21},"end":{"line":4,"column":22}},"loc":{"start":{"line":4,"column":45},"end":{"line":35,"column":1}},"line":4},"1":{"name":"(anonymous_1)","decl":{"start":{"line":6,"column":21},"end":{"line":6,"column":22}},"loc":{"start":{"line":6,"column":31},"end":{"line":8,"column":3}},"line":6}},"branchMap":{"0":{"loc":{"start":{"line":11,"column":21},"end":{"line":11,"column":44}},"type":"binary-expr","locations":[{"start":{"line":11,"column":21},"end":{"line":11,"column":31}},{"start":{"line":11,"column":35},"end":{"line":11,"column":44}}],"line":11},"1":{"loc":{"start":{"line":24,"column":60},"end":{"line":24,"column":184}},"type":"cond-expr","locations":[{"start":{"line":24,"column":83},"end":{"line":24,"column":141}},{"start":{"line":24,"column":144},"end":{"line":24,"column":184}}],"line":24},"2":{"loc":{"start":{"line":25,"column":7},"end":{"line":25,"column":120}},"type":"binary-expr","locations":[{"start":{"line":25,"column":7},"end":{"line":25,"column":27}},{"start":{"line":25,"column":31},"end":{"line":25,"column":120}}],"line":25},"3":{"loc":{"start":{"line":25,"column":93},"end":{"line":25,"column":115}},"type":"binary-expr","locations":[{"start":{"line":25,"column":93},"end":{"line":25,"column":106}},{"start":{"line":25,"column":110},"end":{"line":25,"column":115}}],"line":25},"4":{"loc":{"start":{"line":26,"column":71},"end":{"line":26,"column":107}},"type":"binary-expr","locations":[{"start":{"line":26,"column":71},"end":{"line":26,"column":87}},{"start":{"line":26,"column":91},"end":{"line":26,"column":107}}],"line":26},"5":{"loc":{"start":{"line":27,"column":7},"end":{"line":32,"column":7}},"type":"binary-expr","locations":[{"start":{"line":27,"column":7},"end":{"line":27,"column":26}},{"start":{"line":28,"column":8},"end":{"line":31,"column":11}}],"line":27}},"s":{"0":0,"1":0,"2":0,"3":0,"4":0,"5":0},"f":{"0":0,"1":0},"b":{"0":[0,0],"1":[0,0],"2":[0,0],"3":[0,0],"4":[0,0],"5":[0,0]}}
,"/Users/aeyan/Documents/520/CalendarTime/frontend/src/components/CalendarTask.jsx": {"path":"/Users/aeyan/Documents/520/CalendarTime/frontend/src/components/CalendarTask.jsx","statementMap":{"0":{"start":{"line":4,"column":21},"end":{"line":6,"column":1}},"1":{"start":{"line":5,"column":2},"end":{"line":5,"column":54}}},"fnMap":{"0":{"name":"(anonymous_0)","decl":{"start":{"line":4,"column":21},"end":{"line":4,"column":22}},"loc":{"start":{"line":4,"column":35},"end":{"line":6,"column":1}},"line":4}},"branchMap":{},"s":{"0":0,"1":0},"f":{"0":0},"b":{}}
,"/Users/aeyan/Documents/520/CalendarTime/frontend/src/components/CustomDurationInput.jsx": {"path":"/Users/aeyan/Documents/520/CalendarTime/frontend/src/components/CustomDurationInput.jsx","statementMap":{"0":{"start":{"line":5,"column":28},"end":{"line":39,"column":1}},"1":{"start":{"line":12,"column":2},"end":{"line":38,"column":4}}},"fnMap":{"0":{"name":"(anonymous_0)","decl":{"start":{"line":5,"column":28},"end":{"line":5,"column":29}},"loc":{"start":{"line":11,"column":6},"end":{"line":39,"column":1}},"line":11}},"branchMap":{},"s":{"0":0,"1":0},"f":{"0":0},"b":{}}
,"/Users/aeyan/Documents/520/CalendarTime/frontend/src/components/create/ColorSelector.jsx": {"path":"/Users/aeyan/Documents/520/CalendarTime/frontend/src/components/create/ColorSelector.jsx","statementMap":{"0":{"start":{"line":4,"column":22},"end":{"line":39,"column":1}},"1":{"start":{"line":5,"column":44},"end":{"line":5,"column":63}},"2":{"start":{"line":7,"column":17},"end":{"line":14,"column":3}},"3":{"start":{"line":16,"column":23},"end":{"line":21,"column":3}},"4":{"start":{"line":17,"column":4},"end":{"line":17,"column":24}},"5":{"start":{"line":17,"column":17},"end":{"line":17,"column":24}},"6":{"start":{"line":18,"column":4},"end":{"line":18,"column":28}},"7":{"start":{"line":19,"column":29},"end":{"line":19,"column":72}},"8":{"start":{"line":20,"column":4},"end":{"line":20,"column":35}},"9":{"start":{"line":23,"column":2},"end":{"line":38,"column":4}},"10":{"start":{"line":26,"column":8},"end":{"line":35,"column":10}},"11":{"start":{"line":27,"column":25},"end":{"line":27,"column":44}}},"fnMap":{"0":{"name":"(anonymous_0)","decl":{"start":{"line":4,"column":22},"end":{"line":4,"column":23}},"loc":{"start":{"line":4,"column":53},"end":{"line":39,"column":1}},"line":4},"1":{"name":"(anonymous_1)","decl":{"start":{"line":16,"column":23},"end":{"line":16,"column":24}},"loc":{"start":{"line":16,"column":34},"end":{"line":21,"column":3}},"line":16},"2":{"name":"(anonymous_2)","decl":{"start":{"line":25,"column":18},"end":{"line":25,"column":19}},"loc":{"start":{"line":26,"column":8},"end":{"line":35,"column":10}},"line":26},"3":{"name":"(anonymous_3)","decl":{"start":{"line":27,"column":19},"end":{"line":27,"column":20}},"loc":{"start":{"line":27,"column":25},"end":{"line":27,"column":44}},"line":27}},"branchMap":{"0":{"loc":{"start":{"line":17,"column":4},"end":{"line":17,"column":24}},"type":"if","locations":[{"start":{"line":17,"column":4},"end":{"line":17,"column":24}},{"start":{},"end":{}}],"line":17},"1":{"loc":{"start":{"line":32,"column":20},"end":{"line":32,"column":65}},"type":"cond-expr","locations":[{"start":{"line":32,"column":45},"end":{"line":32,"column":54}},{"start":{"line":32,"column":57},"end":{"line":32,"column":65}}],"line":32},"2":{"loc":{"start":{"line":33,"column":19},"end":{"line":33,"column":64}},"type":"cond-expr","locations":[{"start":{"line":33,"column":44},"end":{"line":33,"column":53}},{"start":{"line":33,"column":56},"end":{"line":33,"column":64}}],"line":33}},"s":{"0":0,"1":0,"2":0,"3":0,"4":0,"5":0,"6":0,"7":0,"8":0,"9":0,"10":0,"11":0},"f":{"0":0,"1":0,"2":0,"3":0},"b":{"0":[0,0],"1":[0,0],"2":[0,0]}}
,"/Users/aeyan/Documents/520/CalendarTime/frontend/src/components/create/EventForm.jsx": {"path":"/Users/aeyan/Documents/520/CalendarTime/frontend/src/components/create/EventForm.jsx","statementMap":{"0":{"start":{"line":17,"column":18},"end":{"line":197,"column":1}},"1":{"start":{"line":18,"column":32},"end":{"line":18,"column":62}},"2":{"start":{"line":20,"column":32},"end":{"line":20,"column":49}},"3":{"start":{"line":22,"column":34},"end":{"line":32,"column":4}},"4":{"start":{"line":34,"column":23},"end":{"line":41,"column":3}},"5":{"start":{"line":35,"column":4},"end":{"line":35,"column":24}},"6":{"start":{"line":35,"column":17},"end":{"line":35,"column":24}},"7":{"start":{"line":36,"column":43},"end":{"line":36,"column":51}},"8":{"start":{"line":37,"column":4},"end":{"line":40,"column":8}},"9":{"start":{"line":37,"column":31},"end":{"line":40,"column":5}},"10":{"start":{"line":43,"column":23},"end":{"line":61,"column":3}},"11":{"start":{"line":44,"column":4},"end":{"line":44,"column":24}},"12":{"start":{"line":44,"column":17},"end":{"line":44,"column":24}},"13":{"start":{"line":45,"column":4},"end":{"line":45,"column":23}},"14":{"start":{"line":46,"column":27},"end":{"line":46,"column":48}},"15":{"start":{"line":47,"column":4},"end":{"line":47,"column":69}},"16":{"start":{"line":48,"column":4},"end":{"line":59,"column":8}},"17":{"start":{"line":55,"column":26},"end":{"line":55,"column":41}},"18":{"start":{"line":56,"column":22},"end":{"line":56,"column":75}},"19":{"start":{"line":58,"column":8},"end":{"line":58,"column":79}},"20":{"start":{"line":60,"column":4},"end":{"line":60,"column":24}},"21":{"start":{"line":63,"column":28},"end":{"line":73,"column":3}},"22":{"start":{"line":64,"column":27},"end":{"line":64,"column":61}},"23":{"start":{"line":66,"column":4},"end":{"line":72,"column":7}},"24":{"start":{"line":75,"column":2},"end":{"line":196,"column":4}},"25":{"start":{"line":178,"column":14},"end":{"line":178,"column":32}}},"fnMap":{"0":{"name":"(anonymous_0)","decl":{"start":{"line":17,"column":18},"end":{"line":17,"column":19}},"loc":{"start":{"line":17,"column":33},"end":{"line":197,"column":1}},"line":17},"1":{"name":"(anonymous_1)","decl":{"start":{"line":34,"column":23},"end":{"line":34,"column":24}},"loc":{"start":{"line":34,"column":30},"end":{"line":41,"column":3}},"line":34},"2":{"name":"(anonymous_2)","decl":{"start":{"line":37,"column":16},"end":{"line":37,"column":17}},"loc":{"start":{"line":37,"column":31},"end":{"line":40,"column":5}},"line":37},"3":{"name":"(anonymous_3)","decl":{"start":{"line":43,"column":23},"end":{"line":43,"column":24}},"loc":{"start":{"line":43,"column":30},"end":{"line":61,"column":3}},"line":43},"4":{"name":"(anonymous_4)","decl":{"start":{"line":55,"column":12},"end":{"line":55,"column":13}},"loc":{"start":{"line":55,"column":26},"end":{"line":55,"column":41}},"line":55},"5":{"name":"(anonymous_5)","decl":{"start":{"line":56,"column":12},"end":{"line":56,"column":13}},"loc":{"start":{"line":56,"column":22},"end":{"line":56,"column":75}},"line":56},"6":{"name":"(anonymous_6)","decl":{"start":{"line":57,"column":13},"end":{"line":57,"column":14}},"loc":{"start":{"line":58,"column":8},"end":{"line":58,"column":79}},"line":58},"7":{"name":"(anonymous_7)","decl":{"start":{"line":63,"column":28},"end":{"line":63,"column":29}},"loc":{"start":{"line":63,"column":34},"end":{"line":73,"column":3}},"line":63},"8":{"name":"(anonymous_8)","decl":{"start":{"line":177,"column":21},"end":{"line":177,"column":22}},"loc":{"start":{"line":177,"column":27},"end":{"line":179,"column":13}},"line":177}},"branchMap":{"0":{"loc":{"start":{"line":18,"column":41},"end":{"line":18,"column":61}},"type":"cond-expr","locations":[{"start":{"line":18,"column":49},"end":{"line":18,"column":53}},{"start":{"line":18,"column":56},"end":{"line":18,"column":61}}],"line":18},"1":{"loc":{"start":{"line":23,"column":10},"end":{"line":23,"column":27}},"type":"binary-expr","locations":[{"start":{"line":23,"column":10},"end":{"line":23,"column":21}},{"start":{"line":23,"column":25},"end":{"line":23,"column":27}}],"line":23},"2":{"loc":{"start":{"line":24,"column":15},"end":{"line":24,"column":40}},"type":"binary-expr","locations":[{"start":{"line":24,"column":15},"end":{"line":24,"column":31}},{"start":{"line":24,"column":35},"end":{"line":24,"column":40}}],"line":24},"3":{"loc":{"start":{"line":26,"column":10},"end":{"line":26,"column":62}},"type":"binary-expr","locations":[{"start":{"line":26,"column":10},"end":{"line":26,"column":56}},{"start":{"line":26,"column":60},"end":{"line":26,"column":62}}],"line":26},"4":{"loc":{"start":{"line":27,"column":15},"end":{"line":27,"column":37}},"type":"binary-expr","locations":[{"start":{"line":27,"column":15},"end":{"line":27,"column":31}},{"start":{"line":27,"column":35},"end":{"line":27,"column":37}}],"line":27},"5":{"loc":{"start":{"line":28,"column":13},"end":{"line":28,"column":33}},"type":"binary-expr","locations":[{"start":{"line":28,"column":13},"end":{"line":28,"column":27}},{"start":{"line":28,"column":31},"end":{"line":28,"column":33}}],"line":28},"6":{"loc":{"start":{"line":29,"column":14},"end":{"line":29,"column":35}},"type":"binary-expr","locations":[{"start":{"line":29,"column":14},"end":{"line":29,"column":29}},{"start":{"line":29,"column":33},"end":{"line":29,"column":35}}],"line":29},"7":{"loc":{"start":{"line":30,"column":17},"end":{"line":30,"column":41}},"type":"binary-expr","locations":[{"start":{"line":30,"column":17},"end":{"line":30,"column":35}},{"start":{"line":30,"column":39},"end":{"line":30,"column":41}}],"line":30},"8":{"loc":{"start":{"line":31,"column":11},"end":{"line":31,"column":36}},"type":"binary-expr","locations":[{"start":{"line":31,"column":11},"end":{"line":31,"column":23}},{"start":{"line":31,"column":27},"end":{"line":31,"column":36}}],"line":31},"9":{"loc":{"start":{"line":35,"column":4},"end":{"line":35,"column":24}},"type":"if","locations":[{"start":{"line":35,"column":4},"end":{"line":35,"column":24}},{"start":{},"end":{}}],"line":35},"10":{"loc":{"start":{"line":39,"column":14},"end":{"line":39,"column":51}},"type":"cond-expr","locations":[{"start":{"line":39,"column":36},"end":{"line":39,"column":43}},{"start":{"line":39,"column":46},"end":{"line":39,"column":51}}],"line":39},"11":{"loc":{"start":{"line":44,"column":4},"end":{"line":44,"column":24}},"type":"if","locations":[{"start":{"line":44,"column":4},"end":{"line":44,"column":24}},{"start":{},"end":{}}],"line":44},"12":{"loc":{"start":{"line":77,"column":7},"end":{"line":103,"column":7}},"type":"cond-expr","locations":[{"start":{"line":78,"column":8},"end":{"line":78,"column":58}},{"start":{"line":80,"column":8},"end":{"line":102,"column":16}}],"line":77},"13":{"loc":{"start":{"line":175,"column":9},"end":{"line":193,"column":9}},"type":"cond-expr","locations":[{"start":{"line":176,"column":10},"end":{"line":184,"column":19}},{"start":{"line":186,"column":10},"end":{"line":192,"column":19}}],"line":175},"14":{"loc":{"start":{"line":187,"column":21},"end":{"line":187,"column":61}},"type":"cond-expr","locations":[{"start":{"line":187,"column":29},"end":{"line":187,"column":46}},{"start":{"line":187,"column":49},"end":{"line":187,"column":61}}],"line":187},"15":{"loc":{"start":{"line":191,"column":13},"end":{"line":191,"column":40}},"type":"cond-expr","locations":[{"start":{"line":191,"column":21},"end":{"line":191,"column":29}},{"start":{"line":191,"column":32},"end":{"line":191,"column":40}}],"line":191}},"s":{"0":0,"1":0,"2":0,"3":0,"4":0,"5":0,"6":0,"7":0,"8":0,"9":0,"10":0,"11":0,"12":0,"13":0,"14":0,"15":0,"16":0,"17":0,"18":0,"19":0,"20":0,"21":0,"22":0,"23":0,"24":0,"25":0},"f":{"0":0,"1":0,"2":0,"3":0,"4":0,"5":0,"6":0,"7":0,"8":0},"b":{"0":[0,0],"1":[0,0],"2":[0,0],"3":[0,0],"4":[0,0],"5":[0,0],"6":[0,0],"7":[0,0],"8":[0,0],"9":[0,0],"10":[0,0],"11":[0,0],"12":[0,0],"13":[0,0],"14":[0,0],"15":[0,0]}}
,"/Users/aeyan/Documents/520/CalendarTime/frontend/src/components/create/TaskEventContainer.jsx": {"path":"/Users/aeyan/Documents/520/CalendarTime/frontend/src/components/create/TaskEventContainer.jsx","statementMap":{"0":{"start":{"line":6,"column":27},"end":{"line":67,"column":1}},"1":{"start":{"line":7,"column":32},"end":{"line":7,"column":47}},"2":{"start":{"line":9,"column":2},"end":{"line":66,"column":4}},"3":{"start":{"line":41,"column":27},"end":{"line":41,"column":43}},"4":{"start":{"line":53,"column":27},"end":{"line":53,"column":44}}},"fnMap":{"0":{"name":"(anonymous_0)","decl":{"start":{"line":6,"column":27},"end":{"line":6,"column":28}},"loc":{"start":{"line":6,"column":33},"end":{"line":67,"column":1}},"line":6},"1":{"name":"(anonymous_1)","decl":{"start":{"line":41,"column":21},"end":{"line":41,"column":22}},"loc":{"start":{"line":41,"column":27},"end":{"line":41,"column":43}},"line":41},"2":{"name":"(anonymous_2)","decl":{"start":{"line":53,"column":21},"end":{"line":53,"column":22}},"loc":{"start":{"line":53,"column":27},"end":{"line":53,"column":44}},"line":53}},"branchMap":{"0":{"loc":{"start":{"line":36,"column":21},"end":{"line":36,"column":48}},"type":"cond-expr","locations":[{"start":{"line":36,"column":31},"end":{"line":36,"column":38}},{"start":{"line":36,"column":41},"end":{"line":36,"column":48}}],"line":36},"1":{"loc":{"start":{"line":37,"column":31},"end":{"line":37,"column":55}},"type":"cond-expr","locations":[{"start":{"line":37,"column":41},"end":{"line":37,"column":50}},{"start":{"line":37,"column":53},"end":{"line":37,"column":55}}],"line":37},"2":{"loc":{"start":{"line":42,"column":21},"end":{"line":42,"column":51}},"type":"cond-expr","locations":[{"start":{"line":42,"column":31},"end":{"line":42,"column":42}},{"start":{"line":42,"column":45},"end":{"line":42,"column":51}}],"line":42},"3":{"loc":{"start":{"line":48,"column":21},"end":{"line":48,"column":48}},"type":"cond-expr","locations":[{"start":{"line":48,"column":31},"end":{"line":48,"column":38}},{"start":{"line":48,"column":41},"end":{"line":48,"column":48}}],"line":48},"4":{"loc":{"start":{"line":49,"column":31},"end":{"line":49,"column":55}},"type":"cond-expr","locations":[{"start":{"line":49,"column":41},"end":{"line":49,"column":43}},{"start":{"line":49,"column":46},"end":{"line":49,"column":55}}],"line":49},"5":{"loc":{"start":{"line":54,"column":21},"end":{"line":54,"column":51}},"type":"cond-expr","locations":[{"start":{"line":54,"column":31},"end":{"line":54,"column":37}},{"start":{"line":54,"column":40},"end":{"line":54,"column":51}}],"line":54},"6":{"loc":{"start":{"line":62,"column":9},"end":{"line":62,"column":43}},"type":"cond-expr","locations":[{"start":{"line":62,"column":19},"end":{"line":62,"column":30}},{"start":{"line":62,"column":33},"end":{"line":62,"column":43}}],"line":62},"7":{"loc":{"start":{"line":64,"column":7},"end":{"line":64,"column":45}},"type":"cond-expr","locations":[{"start":{"line":64,"column":17},"end":{"line":64,"column":30}},{"start":{"line":64,"column":33},"end":{"line":64,"column":45}}],"line":64}},"s":{"0":0,"1":0,"2":0,"3":0,"4":0},"f":{"0":0,"1":0,"2":0},"b":{"0":[0,0],"1":[0,0],"2":[0,0],"3":[0,0],"4":[0,0],"5":[0,0],"6":[0,0],"7":[0,0]}}
,"/Users/aeyan/Documents/520/CalendarTime/frontend/src/components/create/TaskForm.jsx": {"path":"/Users/aeyan/Documents/520/CalendarTime/frontend/src/components/create/TaskForm.jsx","statementMap":{"0":{"start":{"line":15,"column":17},"end":{"line":180,"column":1}},"1":{"start":{"line":16,"column":34},"end":{"line":26,"column":4}},"2":{"start":{"line":28,"column":23},"end":{"line":34,"column":3}},"3":{"start":{"line":29,"column":43},"end":{"line":29,"column":51}},"4":{"start":{"line":30,"column":4},"end":{"line":33,"column":8}},"5":{"start":{"line":30,"column":31},"end":{"line":33,"column":5}},"6":{"start":{"line":36,"column":23},"end":{"line":52,"column":3}},"7":{"start":{"line":37,"column":4},"end":{"line":37,"column":23}},"8":{"start":{"line":38,"column":26},"end":{"line":38,"column":46}},"9":{"start":{"line":39,"column":4},"end":{"line":39,"column":67}},"10":{"start":{"line":40,"column":4},"end":{"line":51,"column":8}},"11":{"start":{"line":47,"column":26},"end":{"line":47,"column":41}},"12":{"start":{"line":48,"column":22},"end":{"line":48,"column":74}},"13":{"start":{"line":50,"column":8},"end":{"line":50,"column":78}},"14":{"start":{"line":54,"column":26},"end":{"line":59,"column":3}},"15":{"start":{"line":55,"column":4},"end":{"line":58,"column":8}},"16":{"start":{"line":55,"column":31},"end":{"line":58,"column":5}},"17":{"start":{"line":61,"column":26},"end":{"line":67,"column":3}},"18":{"start":{"line":62,"column":4},"end":{"line":62,"column":39}},"19":{"start":{"line":62,"column":32},"end":{"line":62,"column":39}},"20":{"start":{"line":63,"column":4},"end":{"line":66,"column":8}},"21":{"start":{"line":63,"column":31},"end":{"line":66,"column":5}},"22":{"start":{"line":69,"column":2},"end":{"line":179,"column":4}}},"fnMap":{"0":{"name":"(anonymous_0)","decl":{"start":{"line":15,"column":17},"end":{"line":15,"column":18}},"loc":{"start":{"line":15,"column":23},"end":{"line":180,"column":1}},"line":15},"1":{"name":"(anonymous_1)","decl":{"start":{"line":28,"column":23},"end":{"line":28,"column":24}},"loc":{"start":{"line":28,"column":30},"end":{"line":34,"column":3}},"line":28},"2":{"name":"(anonymous_2)","decl":{"start":{"line":30,"column":16},"end":{"line":30,"column":17}},"loc":{"start":{"line":30,"column":31},"end":{"line":33,"column":5}},"line":30},"3":{"name":"(anonymous_3)","decl":{"start":{"line":36,"column":23},"end":{"line":36,"column":24}},"loc":{"start":{"line":36,"column":30},"end":{"line":52,"column":3}},"line":36},"4":{"name":"(anonymous_4)","decl":{"start":{"line":47,"column":12},"end":{"line":47,"column":13}},"loc":{"start":{"line":47,"column":26},"end":{"line":47,"column":41}},"line":47},"5":{"name":"(anonymous_5)","decl":{"start":{"line":48,"column":12},"end":{"line":48,"column":13}},"loc":{"start":{"line":48,"column":22},"end":{"line":48,"column":74}},"line":48},"6":{"name":"(anonymous_6)","decl":{"start":{"line":49,"column":13},"end":{"line":49,"column":14}},"loc":{"start":{"line":50,"column":8},"end":{"line":50,"column":78}},"line":50},"7":{"name":"(anonymous_7)","decl":{"start":{"line":54,"column":26},"end":{"line":54,"column":27}},"loc":{"start":{"line":54,"column":32},"end":{"line":59,"column":3}},"line":54},"8":{"name":"(anonymous_8)","decl":{"start":{"line":55,"column":16},"end":{"line":55,"column":17}},"loc":{"start":{"line":55,"column":31},"end":{"line":58,"column":5}},"line":55},"9":{"name":"(anonymous_9)","decl":{"start":{"line":61,"column":26},"end":{"line":61,"column":27}},"loc":{"start":{"line":61,"column":32},"end":{"line":67,"column":3}},"line":61},"10":{"name":"(anonymous_10)","decl":{"start":{"line":63,"column":16},"end":{"line":63,"column":17}},"loc":{"start":{"line":63,"column":31},"end":{"line":66,"column":5}},"line":63}},"branchMap":{"0":{"loc":{"start":{"line":32,"column":14},"end":{"line":32,"column":51}},"type":"cond-expr","locations":[{"start":{"line":32,"column":36},"end":{"line":32,"column":43}},{"start":{"line":32,"column":46},"end":{"line":32,"column":51}}],"line":32},"1":{"loc":{"start":{"line":62,"column":4},"end":{"line":62,"column":39}},"type":"if","locations":[{"start":{"line":62,"column":4},"end":{"line":62,"column":39}},{"start":{},"end":{}}],"line":62}},"s":{"0":0,"1":0,"2":0,"3":0,"4":0,"5":0,"6":0,"7":0,"8":0,"9":0,"10":0,"11":0,"12":0,"13":0,"14":0,"15":0,"16":0,"17":0,"18":0,"19":0,"20":0,"21":0,"22":0},"f":{"0":0,"1":0,"2":0,"3":0,"4":0,"5":0,"6":0,"7":0,"8":0,"9":0,"10":0},"b":{"0":[0,0],"1":[0,0]}}
,"/Users/aeyan/Documents/520/CalendarTime/frontend/src/components/deleteButton/deleteButton.jsx": {"path":"/Users/aeyan/Documents/520/CalendarTime/frontend/src/components/deleteButton/deleteButton.jsx","statementMap":{"0":{"start":{"line":5,"column":28},"end":{"line":40,"column":1}},"1":{"start":{"line":6,"column":22},"end":{"line":20,"column":3}},"2":{"start":{"line":7,"column":14},"end":{"line":7,"column":43}},"3":{"start":{"line":8,"column":4},"end":{"line":18,"column":5}},"4":{"start":{"line":9,"column":6},"end":{"line":9,"column":28}},"5":{"start":{"line":10,"column":11},"end":{"line":18,"column":5}},"6":{"start":{"line":11,"column":6},"end":{"line":11,"column":26}},"7":{"start":{"line":13,"column":6},"end":{"line":17,"column":8}},"8":{"start":{"line":19,"column":4},"end":{"line":19,"column":15}},"9":{"start":{"line":22,"column":23},"end":{"line":33,"column":3}},"10":{"start":{"line":23,"column":16},"end":{"line":23,"column":29}},"11":{"start":{"line":24,"column":4},"end":{"line":24,"column":74}},"12":{"start":{"line":25,"column":4},"end":{"line":32,"column":80}},"13":{"start":{"line":31,"column":18},"end":{"line":31,"column":30}},"14":{"start":{"line":32,"column":22},"end":{"line":32,"column":78}},"15":{"start":{"line":35,"column":2},"end":{"line":39,"column":4}}},"fnMap":{"0":{"name":"(anonymous_0)","decl":{"start":{"line":5,"column":28},"end":{"line":5,"column":29}},"loc":{"start":{"line":5,"column":58},"end":{"line":40,"column":1}},"line":5},"1":{"name":"(anonymous_1)","decl":{"start":{"line":6,"column":22},"end":{"line":6,"column":23}},"loc":{"start":{"line":6,"column":28},"end":{"line":20,"column":3}},"line":6},"2":{"name":"(anonymous_2)","decl":{"start":{"line":22,"column":23},"end":{"line":22,"column":24}},"loc":{"start":{"line":22,"column":29},"end":{"line":33,"column":3}},"line":22},"3":{"name":"(anonymous_3)","decl":{"start":{"line":31,"column":12},"end":{"line":31,"column":13}},"loc":{"start":{"line":31,"column":18},"end":{"line":31,"column":30}},"line":31},"4":{"name":"(anonymous_4)","decl":{"start":{"line":32,"column":13},"end":{"line":32,"column":14}},"loc":{"start":{"line":32,"column":22},"end":{"line":32,"column":78}},"line":32}},"branchMap":{"0":{"loc":{"start":{"line":8,"column":4},"end":{"line":18,"column":5}},"type":"if","locations":[{"start":{"line":8,"column":4},"end":{"line":18,"column":5}},{"start":{"line":10,"column":11},"end":{"line":18,"column":5}}],"line":8},"1":{"loc":{"start":{"line":10,"column":11},"end":{"line":18,"column":5}},"type":"if","locations":[{"start":{"line":10,"column":11},"end":{"line":18,"column":5}},{"start":{"line":12,"column":11},"end":{"line":18,"column":5}}],"line":10}},"s":{"0":0,"1":0,"2":0,"3":0,"4":0,"5":0,"6":0,"7":0,"8":0,"9":0,"10":0,"11":0,"12":0,"13":0,"14":0,"15":0},"f":{"0":0,"1":0,"2":0,"3":0,"4":0},"b":{"0":[0,0],"1":[0,0]}}
,"/Users/aeyan/Documents/520/CalendarTime/frontend/src/components/eventCard/EventCard.jsx": {"path":"/Users/aeyan/Documents/520/CalendarTime/frontend/src/components/eventCard/EventCard.jsx","statementMap":{"0":{"start":{"line":5,"column":18},"end":{"line":40,"column":1}},"1":{"start":{"line":6,"column":26},"end":{"line":6,"column":41}},"2":{"start":{"line":7,"column":21},"end":{"line":7,"column":40}},"3":{"start":{"line":7,"column":27},"end":{"line":7,"column":40}},"4":{"start":{"line":8,"column":22},"end":{"line":8,"column":42}},"5":{"start":{"line":8,"column":28},"end":{"line":8,"column":42}},"6":{"start":{"line":10,"column":2},"end":{"line":39,"column":4}}},"fnMap":{"0":{"name":"(anonymous_0)","decl":{"start":{"line":5,"column":18},"end":{"line":5,"column":19}},"loc":{"start":{"line":5,"column":29},"end":{"line":40,"column":1}},"line":5},"1":{"name":"(anonymous_1)","decl":{"start":{"line":7,"column":21},"end":{"line":7,"column":22}},"loc":{"start":{"line":7,"column":27},"end":{"line":7,"column":40}},"line":7},"2":{"name":"(anonymous_2)","decl":{"start":{"line":8,"column":22},"end":{"line":8,"column":23}},"loc":{"start":{"line":8,"column":28},"end":{"line":8,"column":42}},"line":8}},"branchMap":{},"s":{"0":0,"1":0,"2":0,"3":0,"4":0,"5":0,"6":0},"f":{"0":0,"1":0,"2":0},"b":{}}
,"/Users/aeyan/Documents/520/CalendarTime/frontend/src/components/eventCard/EventCardModal.jsx": {"path":"/Users/aeyan/Documents/520/CalendarTime/frontend/src/components/eventCard/EventCardModal.jsx","statementMap":{"0":{"start":{"line":5,"column":23},"end":{"line":31,"column":1}},"1":{"start":{"line":6,"column":16},"end":{"line":16,"column":3}},"2":{"start":{"line":18,"column":2},"end":{"line":30,"column":4}}},"fnMap":{"0":{"name":"(anonymous_0)","decl":{"start":{"line":5,"column":23},"end":{"line":5,"column":24}},"loc":{"start":{"line":5,"column":53},"end":{"line":31,"column":1}},"line":5}},"branchMap":{},"s":{"0":0,"1":0,"2":0},"f":{"0":0},"b":{}}
,"/Users/aeyan/Documents/520/CalendarTime/frontend/src/components/main-page/CalendarGrid.jsx": {"path":"/Users/aeyan/Documents/520/CalendarTime/frontend/src/components/main-page/CalendarGrid.jsx","statementMap":{"0":{"start":{"line":4,"column":27},"end":{"line":100,"column":1}},"1":{"start":{"line":5,"column":21},"end":{"line":13,"column":3}},"2":{"start":{"line":15,"column":21},"end":{"line":15,"column":68}},"3":{"start":{"line":15,"column":62},"end":{"line":15,"column":67}},"4":{"start":{"line":17,"column":17},"end":{"line":21,"column":3}},"5":{"start":{"line":23,"column":19},"end":{"line":24,"column":68}},"6":{"start":{"line":24,"column":4},"end":{"line":24,"column":68}},"7":{"start":{"line":24,"column":27},"end":{"line":24,"column":67}},"8":{"start":{"line":26,"column":40},"end":{"line":26,"column":51}},"9":{"start":{"line":28,"column":2},"end":{"line":28,"column":63}},"10":{"start":{"line":30,"column":27},"end":{"line":32,"column":3}},"11":{"start":{"line":31,"column":4},"end":{"line":31,"column":28}},"12":{"start":{"line":34,"column":2},"end":{"line":99,"column":4}},"13":{"start":{"line":38,"column":25},"end":{"line":38,"column":58}},"14":{"start":{"line":45,"column":25},"end":{"line":45,"column":58}},"15":{"start":{"line":59,"column":20},"end":{"line":65,"column":25}},"16":{"start":{"line":74,"column":18},"end":{"line":91,"column":20}},"17":{"start":{"line":81,"column":24},"end":{"line":88,"column":29}}},"fnMap":{"0":{"name":"(anonymous_0)","decl":{"start":{"line":4,"column":27},"end":{"line":4,"column":28}},"loc":{"start":{"line":4,"column":33},"end":{"line":100,"column":1}},"line":4},"1":{"name":"(anonymous_1)","decl":{"start":{"line":15,"column":48},"end":{"line":15,"column":49}},"loc":{"start":{"line":15,"column":62},"end":{"line":15,"column":67}},"line":15},"2":{"name":"(anonymous_2)","decl":{"start":{"line":23,"column":19},"end":{"line":23,"column":20}},"loc":{"start":{"line":24,"column":4},"end":{"line":24,"column":68}},"line":24},"3":{"name":"(anonymous_3)","decl":{"start":{"line":24,"column":16},"end":{"line":24,"column":17}},"loc":{"start":{"line":24,"column":27},"end":{"line":24,"column":67}},"line":24},"4":{"name":"(anonymous_4)","decl":{"start":{"line":30,"column":27},"end":{"line":30,"column":28}},"loc":{"start":{"line":30,"column":40},"end":{"line":32,"column":3}},"line":30},"5":{"name":"(anonymous_5)","decl":{"start":{"line":38,"column":19},"end":{"line":38,"column":20}},"loc":{"start":{"line":38,"column":25},"end":{"line":38,"column":58}},"line":38},"6":{"name":"(anonymous_6)","decl":{"start":{"line":45,"column":19},"end":{"line":45,"column":20}},"loc":{"start":{"line":45,"column":25},"end":{"line":45,"column":58}},"line":45},"7":{"name":"(anonymous_7)","decl":{"start":{"line":58,"column":34},"end":{"line":58,"column":35}},"loc":{"start":{"line":59,"column":20},"end":{"line":65,"column":25}},"line":59},"8":{"name":"(anonymous_8)","decl":{"start":{"line":70,"column":32},"end":{"line":70,"column":33}},"loc":{"start":{"line":70,"column":53},"end":{"line":92,"column":17}},"line":70},"9":{"name":"(anonymous_9)","decl":{"start":{"line":80,"column":38},"end":{"line":80,"column":39}},"loc":{"start":{"line":81,"column":24},"end":{"line":88,"column":29}},"line":81}},"branchMap":{"0":{"loc":{"start":{"line":24,"column":27},"end":{"line":24,"column":67}},"type":"binary-expr","locations":[{"start":{"line":24,"column":27},"end":{"line":24,"column":44}},{"start":{"line":24,"column":48},"end":{"line":24,"column":67}}],"line":24},"1":{"loc":{"start":{"line":84,"column":28},"end":{"line":84,"column":66}},"type":"cond-expr","locations":[{"start":{"line":84,"column":50},"end":{"line":84,"column":61}},{"start":{"line":84,"column":64},"end":{"line":84,"column":66}}],"line":84},"2":{"loc":{"start":{"line":87,"column":27},"end":{"line":87,"column":61}},"type":"cond-expr","locations":[{"start":{"line":87,"column":49},"end":{"line":87,"column":56}},{"start":{"line":87,"column":59},"end":{"line":87,"column":61}}],"line":87}},"s":{"0":1,"1":5,"2":5,"3":120,"4":5,"5":5,"6":1685,"7":3355,"8":5,"9":5,"10":5,"11":2,"12":5,"13":1,"14":1,"15":35,"16":120,"17":840},"f":{"0":5,"1":120,"2":1685,"3":3355,"4":2,"5":1,"6":1,"7":35,"8":120,"9":840},"b":{"0":[3355,485],"1":[10,830],"2":[10,830]},"_coverageSchema":"1a1c01bbd47fc00a2c39e90264f33305004495a9","hash":"fd7117a3a17ec61e02917e779cb0f56ff39d80e6"}
,"/Users/aeyan/Documents/520/CalendarTime/frontend/src/components/main-page/CheckableList.jsx": {"path":"/Users/aeyan/Documents/520/CalendarTime/frontend/src/components/main-page/CheckableList.jsx","statementMap":{"0":{"start":{"line":3,"column":22},"end":{"line":37,"column":1}},"1":{"start":{"line":4,"column":42},"end":{"line":4,"column":54}},"2":{"start":{"line":5,"column":16},"end":{"line":5,"column":77}},"3":{"start":{"line":7,"column":31},"end":{"line":14,"column":3}},"4":{"start":{"line":8,"column":22},"end":{"line":8,"column":49}},"5":{"start":{"line":9,"column":4},"end":{"line":13,"column":5}},"6":{"start":{"line":10,"column":6},"end":{"line":10,"column":82}},"7":{"start":{"line":10,"column":59},"end":{"line":10,"column":79}},"8":{"start":{"line":12,"column":6},"end":{"line":12,"column":47}},"9":{"start":{"line":16,"column":2},"end":{"line":36,"column":4}},"10":{"start":{"line":21,"column":10},"end":{"line":32,"column":15}},"11":{"start":{"line":27,"column":32},"end":{"line":27,"column":58}}},"fnMap":{"0":{"name":"(anonymous_0)","decl":{"start":{"line":3,"column":22},"end":{"line":3,"column":23}},"loc":{"start":{"line":3,"column":28},"end":{"line":37,"column":1}},"line":3},"1":{"name":"(anonymous_1)","decl":{"start":{"line":7,"column":31},"end":{"line":7,"column":32}},"loc":{"start":{"line":7,"column":41},"end":{"line":14,"column":3}},"line":7},"2":{"name":"(anonymous_2)","decl":{"start":{"line":10,"column":42},"end":{"line":10,"column":43}},"loc":{"start":{"line":10,"column":59},"end":{"line":10,"column":79}},"line":10},"3":{"name":"(anonymous_3)","decl":{"start":{"line":20,"column":19},"end":{"line":20,"column":20}},"loc":{"start":{"line":21,"column":10},"end":{"line":32,"column":15}},"line":21},"4":{"name":"(anonymous_4)","decl":{"start":{"line":27,"column":26},"end":{"line":27,"column":27}},"loc":{"start":{"line":27,"column":32},"end":{"line":27,"column":58}},"line":27}},"branchMap":{"0":{"loc":{"start":{"line":9,"column":4},"end":{"line":13,"column":5}},"type":"if","locations":[{"start":{"line":9,"column":4},"end":{"line":13,"column":5}},{"start":{"line":11,"column":11},"end":{"line":13,"column":5}}],"line":9}},"s":{"0":2,"1":5,"2":5,"3":5,"4":2,"5":2,"6":1,"7":1,"8":1,"9":5,"10":20,"11":2},"f":{"0":5,"1":2,"2":1,"3":20,"4":2},"b":{"0":[1,1]},"_coverageSchema":"1a1c01bbd47fc00a2c39e90264f33305004495a9","hash":"424e963454b3d09d1a6e3a9c1c97470fdc6f2f26"}
,"/Users/aeyan/Documents/520/CalendarTime/frontend/src/components/main-page/ContentGrid.jsx": {"path":"/Users/aeyan/Documents/520/CalendarTime/frontend/src/components/main-page/ContentGrid.jsx","statementMap":{"0":{"start":{"line":6,"column":20},"end":{"line":22,"column":1}},"1":{"start":{"line":9,"column":2},"end":{"line":19,"column":3}},"2":{"start":{"line":11,"column":6},"end":{"line":11,"column":39}},"3":{"start":{"line":12,"column":6},"end":{"line":12,"column":12}},"4":{"start":{"line":14,"column":6},"end":{"line":14,"column":39}},"5":{"start":{"line":15,"column":6},"end":{"line":15,"column":12}},"6":{"start":{"line":18,"column":6},"end":{"line":18,"column":43}},"7":{"start":{"line":21,"column":2},"end":{"line":21,"column":65}}},"fnMap":{"0":{"name":"(anonymous_0)","decl":{"start":{"line":6,"column":20},"end":{"line":6,"column":21}},"loc":{"start":{"line":6,"column":46},"end":{"line":22,"column":1}},"line":6}},"branchMap":{"0":{"loc":{"start":{"line":6,"column":23},"end":{"line":6,"column":39}},"type":"default-arg","locations":[{"start":{"line":6,"column":38},"end":{"line":6,"column":39}}],"line":6},"1":{"loc":{"start":{"line":9,"column":2},"end":{"line":19,"column":3}},"type":"switch","locations":[{"start":{"line":10,"column":4},"end":{"line":12,"column":12}},{"start":{"line":13,"column":4},"end":{"line":15,"column":12}},{"start":{"line":16,"column":4},"end":{"line":18,"column":43}}],"line":9}},"s":{"0":1,"1":3,"2":1,"3":1,"4":1,"5":1,"6":1,"7":3},"f":{"0":3},"b":{"0":[1],"1":[1,1,1]},"_coverageSchema":"1a1c01bbd47fc00a2c39e90264f33305004495a9","hash":"720713db0bae5634fa6fd66341c62af58b9991e1"}
,"/Users/aeyan/Documents/520/CalendarTime/frontend/src/components/main-page/Header.jsx": {"path":"/Users/aeyan/Documents/520/CalendarTime/frontend/src/components/main-page/Header.jsx","statementMap":{"0":{"start":{"line":13,"column":22},"end":{"line":23,"column":1}},"1":{"start":{"line":25,"column":15},"end":{"line":95,"column":1}},"2":{"start":{"line":26,"column":38},"end":{"line":26,"column":53}},"3":{"start":{"line":28,"column":27},"end":{"line":28,"column":52}},"4":{"start":{"line":28,"column":33},"end":{"line":28,"column":52}},"5":{"start":{"line":29,"column":28},"end":{"line":29,"column":54}},"6":{"start":{"line":29,"column":34},"end":{"line":29,"column":54}},"7":{"start":{"line":30,"column":34},"end":{"line":30,"column":55}},"8":{"start":{"line":31,"column":25},"end":{"line":31,"column":48}},"9":{"start":{"line":31,"column":31},"end":{"line":31,"column":48}},"10":{"start":{"line":32,"column":26},"end":{"line":32,"column":50}},"11":{"start":{"line":32,"column":32},"end":{"line":32,"column":50}},"12":{"start":{"line":34,"column":2},"end":{"line":94,"column":4}}},"fnMap":{"0":{"name":"(anonymous_0)","decl":{"start":{"line":25,"column":15},"end":{"line":25,"column":16}},"loc":{"start":{"line":25,"column":55},"end":{"line":95,"column":1}},"line":25},"1":{"name":"(anonymous_1)","decl":{"start":{"line":28,"column":27},"end":{"line":28,"column":28}},"loc":{"start":{"line":28,"column":33},"end":{"line":28,"column":52}},"line":28},"2":{"name":"(anonymous_2)","decl":{"start":{"line":29,"column":28},"end":{"line":29,"column":29}},"loc":{"start":{"line":29,"column":34},"end":{"line":29,"column":54}},"line":29},"3":{"name":"(anonymous_3)","decl":{"start":{"line":31,"column":25},"end":{"line":31,"column":26}},"loc":{"start":{"line":31,"column":31},"end":{"line":31,"column":48}},"line":31},"4":{"name":"(anonymous_4)","decl":{"start":{"line":32,"column":26},"end":{"line":32,"column":27}},"loc":{"start":{"line":32,"column":32},"end":{"line":32,"column":50}},"line":32}},"branchMap":{},"s":{"0":1,"1":1,"2":8,"3":8,"4":0,"5":8,"6":0,"7":8,"8":8,"9":0,"10":8,"11":0,"12":8},"f":{"0":8,"1":0,"2":0,"3":0,"4":0},"b":{},"_coverageSchema":"1a1c01bbd47fc00a2c39e90264f33305004495a9","hash":"5c095acccd0af1624d1b3468267040a13fc9b087"}
,"/Users/aeyan/Documents/520/CalendarTime/frontend/src/components/main-page/LeftPanel.jsx": {"path":"/Users/aeyan/Documents/520/CalendarTime/frontend/src/components/main-page/LeftPanel.jsx","statementMap":{"0":{"start":{"line":6,"column":18},"end":{"line":97,"column":1}},"1":{"start":{"line":7,"column":60},"end":{"line":7,"column":75}},"2":{"start":{"line":9,"column":37},"end":{"line":11,"column":3}},"3":{"start":{"line":10,"column":4},"end":{"line":10,"column":53}},"4":{"start":{"line":13,"column":2},"end":{"line":28,"column":30}},"5":{"start":{"line":14,"column":37},"end":{"line":21,"column":5}},"6":{"start":{"line":15,"column":6},"end":{"line":20,"column":7}},"7":{"start":{"line":19,"column":8},"end":{"line":19,"column":40}},"8":{"start":{"line":23,"column":4},"end":{"line":23,"column":65}},"9":{"start":{"line":25,"column":4},"end":{"line":27,"column":6}},"10":{"start":{"line":26,"column":6},"end":{"line":26,"column":70}},"11":{"start":{"line":30,"column":28},"end":{"line":32,"column":3}},"12":{"start":{"line":31,"column":4},"end":{"line":31,"column":28}},"13":{"start":{"line":34,"column":2},"end":{"line":96,"column":4}},"14":{"start":{"line":48,"column":25},"end":{"line":48,"column":45}},"15":{"start":{"line":61,"column":53},"end":{"line":61,"column":73}},"16":{"start":{"line":69,"column":53},"end":{"line":69,"column":73}}},"fnMap":{"0":{"name":"(anonymous_0)","decl":{"start":{"line":6,"column":18},"end":{"line":6,"column":19}},"loc":{"start":{"line":6,"column":57},"end":{"line":97,"column":1}},"line":6},"1":{"name":"(anonymous_1)","decl":{"start":{"line":9,"column":37},"end":{"line":9,"column":38}},"loc":{"start":{"line":9,"column":43},"end":{"line":11,"column":3}},"line":9},"2":{"name":"(anonymous_2)","decl":{"start":{"line":13,"column":12},"end":{"line":13,"column":13}},"loc":{"start":{"line":13,"column":18},"end":{"line":28,"column":3}},"line":13},"3":{"name":"(anonymous_3)","decl":{"start":{"line":14,"column":37},"end":{"line":14,"column":38}},"loc":{"start":{"line":14,"column":48},"end":{"line":21,"column":5}},"line":14},"4":{"name":"(anonymous_4)","decl":{"start":{"line":25,"column":11},"end":{"line":25,"column":12}},"loc":{"start":{"line":25,"column":17},"end":{"line":27,"column":5}},"line":25},"5":{"name":"(anonymous_5)","decl":{"start":{"line":30,"column":28},"end":{"line":30,"column":29}},"loc":{"start":{"line":30,"column":40},"end":{"line":32,"column":3}},"line":30},"6":{"name":"(anonymous_6)","decl":{"start":{"line":48,"column":19},"end":{"line":48,"column":20}},"loc":{"start":{"line":48,"column":25},"end":{"line":48,"column":45}},"line":48},"7":{"name":"(anonymous_7)","decl":{"start":{"line":61,"column":47},"end":{"line":61,"column":48}},"loc":{"start":{"line":61,"column":53},"end":{"line":61,"column":73}},"line":61},"8":{"name":"(anonymous_8)","decl":{"start":{"line":69,"column":47},"end":{"line":69,"column":48}},"loc":{"start":{"line":69,"column":53},"end":{"line":69,"column":73}},"line":69}},"branchMap":{"0":{"loc":{"start":{"line":15,"column":6},"end":{"line":20,"column":7}},"type":"if","locations":[{"start":{"line":15,"column":6},"end":{"line":20,"column":7}},{"start":{},"end":{}}],"line":15},"1":{"loc":{"start":{"line":16,"column":8},"end":{"line":17,"column":64}},"type":"binary-expr","locations":[{"start":{"line":16,"column":8},"end":{"line":16,"column":29}},{"start":{"line":17,"column":8},"end":{"line":17,"column":64}}],"line":16},"2":{"loc":{"start":{"line":50,"column":29},"end":{"line":50,"column":75}},"type":"cond-expr","locations":[{"start":{"line":50,"column":50},"end":{"line":50,"column":59}},{"start":{"line":50,"column":62},"end":{"line":50,"column":75}}],"line":50},"3":{"loc":{"start":{"line":51,"column":19},"end":{"line":51,"column":57}},"type":"cond-expr","locations":[{"start":{"line":51,"column":40},"end":{"line":51,"column":47}},{"start":{"line":51,"column":50},"end":{"line":51,"column":57}}],"line":51},"4":{"loc":{"start":{"line":90,"column":7},"end":{"line":94,"column":7}},"type":"binary-expr","locations":[{"start":{"line":90,"column":7},"end":{"line":90,"column":28}},{"start":{"line":91,"column":8},"end":{"line":93,"column":14}}],"line":90}},"s":{"0":1,"1":5,"2":5,"3":2,"4":5,"5":5,"6":3,"7":1,"8":5,"9":5,"10":5,"11":5,"12":1,"13":5,"14":1,"15":0,"16":0},"f":{"0":5,"1":2,"2":5,"3":3,"4":5,"5":1,"6":1,"7":0,"8":0},"b":{"0":[1,2],"1":[3,1],"2":[0,5],"3":[0,5],"4":[5,1]},"_coverageSchema":"1a1c01bbd47fc00a2c39e90264f33305004495a9","hash":"f2625a7a95a594dd2a25912d48bf4f206d32ac05"}
,"/Users/aeyan/Documents/520/CalendarTime/frontend/src/components/main-page/Settings.jsx": {"path":"/Users/aeyan/Documents/520/CalendarTime/frontend/src/components/main-page/Settings.jsx","statementMap":{"0":{"start":{"line":5,"column":21},"end":{"line":13,"column":1}},"1":{"start":{"line":6,"column":2},"end":{"line":12,"column":4}}},"fnMap":{"0":{"name":"(anonymous_0)","decl":{"start":{"line":5,"column":21},"end":{"line":5,"column":22}},"loc":{"start":{"line":5,"column":27},"end":{"line":13,"column":1}},"line":5}},"branchMap":{},"s":{"0":1,"1":2},"f":{"0":2},"b":{},"_coverageSchema":"1a1c01bbd47fc00a2c39e90264f33305004495a9","hash":"336676f313058e493dd6d5ea7439d90208a4bec0"}
,"/Users/aeyan/Documents/520/CalendarTime/frontend/src/components/main-page/SmallCalendar.jsx": {"path":"/Users/aeyan/Documents/520/CalendarTime/frontend/src/components/main-page/SmallCalendar.jsx","statementMap":{"0":{"start":{"line":6,"column":28},"end":{"line":6,"column":48}},"1":{"start":{"line":9,"column":25},"end":{"line":16,"column":3}},"2":{"start":{"line":18,"column":2},"end":{"line":33,"column":4}},"3":{"start":{"line":24,"column":10},"end":{"line":29,"column":17}}},"fnMap":{"0":{"name":"SmallCalendar","decl":{"start":{"line":5,"column":9},"end":{"line":5,"column":22}},"loc":{"start":{"line":5,"column":25},"end":{"line":34,"column":1}},"line":5},"1":{"name":"(anonymous_1)","decl":{"start":{"line":23,"column":25},"end":{"line":23,"column":26}},"loc":{"start":{"line":24,"column":10},"end":{"line":29,"column":17}},"line":24}},"branchMap":{},"s":{"0":3,"1":3,"2":3,"3":0},"f":{"0":3,"1":0},"b":{},"_coverageSchema":"1a1c01bbd47fc00a2c39e90264f33305004495a9","hash":"a48ea0ea08f93d9f6a29c836a6962750a2b97459"}
,"/Users/aeyan/Documents/520/CalendarTime/frontend/src/components/main-page/ToDoList.jsx": {"path":"/Users/aeyan/Documents/520/CalendarTime/frontend/src/components/main-page/ToDoList.jsx","statementMap":{"0":{"start":{"line":5,"column":17},"end":{"line":13,"column":1}},"1":{"start":{"line":6,"column":2},"end":{"line":12,"column":4}}},"fnMap":{"0":{"name":"(anonymous_0)","decl":{"start":{"line":5,"column":17},"end":{"line":5,"column":18}},"loc":{"start":{"line":5,"column":23},"end":{"line":13,"column":1}},"line":5}},"branchMap":{},"s":{"0":1,"1":2},"f":{"0":2},"b":{},"_coverageSchema":"1a1c01bbd47fc00a2c39e90264f33305004495a9","hash":"89e1808aec63a796d836896bc217b99f4a1ca94f"}
,"/Users/aeyan/Documents/520/CalendarTime/frontend/src/components/main-page/WeeklyCalendar.jsx": {"path":"/Users/aeyan/Documents/520/CalendarTime/frontend/src/components/main-page/WeeklyCalendar.jsx","statementMap":{"0":{"start":{"line":13,"column":23},"end":{"line":13,"column":44}},"1":{"start":{"line":15,"column":31},"end":{"line":27,"column":1}},"2":{"start":{"line":16,"column":2},"end":{"line":26,"column":5}},"3":{"start":{"line":17,"column":22},"end":{"line":17,"column":65}},"4":{"start":{"line":18,"column":24},"end":{"line":18,"column":65}},"5":{"start":{"line":19,"column":22},"end":{"line":19,"column":61}},"6":{"start":{"line":21,"column":4},"end":{"line":25,"column":6}},"7":{"start":{"line":29,"column":20},"end":{"line":45,"column":1}},"8":{"start":{"line":30,"column":2},"end":{"line":44,"column":3}},"9":{"start":{"line":31,"column":21},"end":{"line":31,"column":48}},"10":{"start":{"line":32,"column":4},"end":{"line":36,"column":5}},"11":{"start":{"line":33,"column":6},"end":{"line":35,"column":8}},"12":{"start":{"line":37,"column":17},"end":{"line":37,"column":38}},"13":{"start":{"line":39,"column":26},"end":{"line":39,"column":54}},"14":{"start":{"line":40,"column":4},"end":{"line":40,"column":31}},"15":{"start":{"line":41,"column":4},"end":{"line":41,"column":25}},"16":{"start":{"line":43,"column":4},"end":{"line":43,"column":71}},"17":{"start":{"line":47,"column":24},"end":{"line":109,"column":1}},"18":{"start":{"line":48,"column":34},"end":{"line":48,"column":52}},"19":{"start":{"line":49,"column":52},"end":{"line":49,"column":64}},"20":{"start":{"line":50,"column":36},"end":{"line":50,"column":51}},"21":{"start":{"line":51,"column":38},"end":{"line":51,"column":52}},"22":{"start":{"line":53,"column":36},"end":{"line":57,"column":4}},"23":{"start":{"line":55,"column":6},"end":{"line":55,"column":33}},"24":{"start":{"line":59,"column":46},"end":{"line":59,"column":63}},"25":{"start":{"line":61,"column":2},"end":{"line":66,"column":49}},"26":{"start":{"line":62,"column":4},"end":{"line":65,"column":5}},"27":{"start":{"line":63,"column":6},"end":{"line":63,"column":16}},"28":{"start":{"line":64,"column":6},"end":{"line":64,"column":26}},"29":{"start":{"line":68,"column":28},"end":{"line":68,"column":44}},"30":{"start":{"line":69,"column":26},"end":{"line":69,"column":43}},"31":{"start":{"line":71,"column":23},"end":{"line":73,"column":3}},"32":{"start":{"line":72,"column":4},"end":{"line":72,"column":61}},"33":{"start":{"line":72,"column":29},"end":{"line":72,"column":59}},"34":{"start":{"line":75,"column":27},"end":{"line":77,"column":3}},"35":{"start":{"line":76,"column":4},"end":{"line":76,"column":66}},"36":{"start":{"line":76,"column":29},"end":{"line":76,"column":64}},"37":{"start":{"line":79,"column":23},"end":{"line":82,"column":3}},"38":{"start":{"line":80,"column":4},"end":{"line":80,"column":23}},"39":{"start":{"line":81,"column":4},"end":{"line":81,"column":25}},"40":{"start":{"line":84,"column":21},"end":{"line":87,"column":3}},"41":{"start":{"line":85,"column":4},"end":{"line":85,"column":24}},"42":{"start":{"line":86,"column":4},"end":{"line":86,"column":24}},"43":{"start":{"line":89,"column":2},"end":{"line":108,"column":4}}},"fnMap":{"0":{"name":"(anonymous_0)","decl":{"start":{"line":15,"column":31},"end":{"line":15,"column":32}},"loc":{"start":{"line":15,"column":43},"end":{"line":27,"column":1}},"line":15},"1":{"name":"(anonymous_1)","decl":{"start":{"line":16,"column":20},"end":{"line":16,"column":21}},"loc":{"start":{"line":16,"column":31},"end":{"line":26,"column":3}},"line":16},"2":{"name":"(anonymous_2)","decl":{"start":{"line":29,"column":20},"end":{"line":29,"column":21}},"loc":{"start":{"line":29,"column":32},"end":{"line":45,"column":1}},"line":29},"3":{"name":"(anonymous_3)","decl":{"start":{"line":47,"column":24},"end":{"line":47,"column":25}},"loc":{"start":{"line":47,"column":30},"end":{"line":109,"column":1}},"line":47},"4":{"name":"(anonymous_4)","decl":{"start":{"line":54,"column":15},"end":{"line":54,"column":16}},"loc":{"start":{"line":54,"column":25},"end":{"line":56,"column":5}},"line":54},"5":{"name":"(anonymous_5)","decl":{"start":{"line":61,"column":12},"end":{"line":61,"column":13}},"loc":{"start":{"line":61,"column":18},"end":{"line":66,"column":3}},"line":61},"6":{"name":"(anonymous_6)","decl":{"start":{"line":71,"column":23},"end":{"line":71,"column":24}},"loc":{"start":{"line":71,"column":29},"end":{"line":73,"column":3}},"line":71},"7":{"name":"(anonymous_7)","decl":{"start":{"line":72,"column":16},"end":{"line":72,"column":17}},"loc":{"start":{"line":72,"column":29},"end":{"line":72,"column":59}},"line":72},"8":{"name":"(anonymous_8)","decl":{"start":{"line":75,"column":27},"end":{"line":75,"column":28}},"loc":{"start":{"line":75,"column":33},"end":{"line":77,"column":3}},"line":75},"9":{"name":"(anonymous_9)","decl":{"start":{"line":76,"column":16},"end":{"line":76,"column":17}},"loc":{"start":{"line":76,"column":29},"end":{"line":76,"column":64}},"line":76},"10":{"name":"(anonymous_10)","decl":{"start":{"line":79,"column":23},"end":{"line":79,"column":24}},"loc":{"start":{"line":79,"column":34},"end":{"line":82,"column":3}},"line":79},"11":{"name":"(anonymous_11)","decl":{"start":{"line":84,"column":21},"end":{"line":84,"column":22}},"loc":{"start":{"line":84,"column":27},"end":{"line":87,"column":3}},"line":84}},"branchMap":{"0":{"loc":{"start":{"line":32,"column":4},"end":{"line":36,"column":5}},"type":"if","locations":[{"start":{"line":32,"column":4},"end":{"line":36,"column":5}},{"start":{},"end":{}}],"line":32},"1":{"loc":{"start":{"line":62,"column":4},"end":{"line":65,"column":5}},"type":"if","locations":[{"start":{"line":62,"column":4},"end":{"line":65,"column":5}},{"start":{},"end":{}}],"line":62}},"s":{"0":1,"1":1,"2":0,"3":0,"4":0,"5":0,"6":0,"7":1,"8":0,"9":0,"10":0,"11":0,"12":0,"13":0,"14":0,"15":0,"16":0,"17":1,"18":3,"19":3,"20":3,"21":3,"22":3,"23":0,"24":3,"25":3,"26":3,"27":0,"28":0,"29":3,"30":3,"31":3,"32":0,"33":0,"34":3,"35":0,"36":0,"37":3,"38":0,"39":0,"40":3,"41":0,"42":0,"43":3},"f":{"0":0,"1":0,"2":0,"3":3,"4":0,"5":3,"6":0,"7":0,"8":0,"9":0,"10":0,"11":0},"b":{"0":[0,0],"1":[0,3]},"_coverageSchema":"1a1c01bbd47fc00a2c39e90264f33305004495a9","hash":"d1629223e834b9289be28adc1d9d90f6b362cfc8"}
}
