TN:
SF:src/App.jsx
FN:46,App
FNF:1
FNH:0
FNDA:0,App
DA:47,0
DA:48,0
LF:2
LH:0
BRF:0
BRH:0
end_of_record
TN:
SF:src/config.js
FNF:0
FNH:0
DA:1,0
LF:1
LH:0
BRF:0
BRH:0
end_of_record
TN:
SF:src/main.jsx
FNF:0
FNH:0
DA:6,0
LF:1
LH:0
BRF:0
BRH:0
end_of_record
TN:
SF:src/components/CalendarEvent.jsx
FN:4,(anonymous_0)
FNF:1
FNH:0
FNDA:0,(anonymous_0)
DA:4,0
DA:5,0
LF:2
LH:0
BRF:0
BRH:0
end_of_record
TN:
SF:src/components/CalendarItem.jsx
FN:4,(anonymous_0)
FN:6,(anonymous_1)
FNF:2
FNH:0
FNDA:0,(anonymous_0)
FNDA:0,(anonymous_1)
DA:4,0
DA:6,0
DA:7,0
DA:10,0
DA:21,0
DA:37,0
LF:6
LH:0
BRDA:11,0,0,0
BRDA:11,0,1,0
BRDA:24,1,0,0
BRDA:24,1,1,0
BRDA:25,2,0,0
BRDA:25,2,1,0
BRDA:25,3,0,0
BRDA:25,3,1,0
BRDA:26,4,0,0
BRDA:26,4,1,0
BRDA:27,5,0,0
BRDA:27,5,1,0
BRF:12
BRH:0
end_of_record
TN:
SF:src/components/CalendarTask.jsx
FN:4,(anonymous_0)
FNF:1
FNH:0
FNDA:0,(anonymous_0)
DA:4,0
DA:5,0
LF:2
LH:0
BRF:0
BRH:0
end_of_record
TN:
SF:src/components/CustomDurationInput.jsx
FN:5,(anonymous_0)
FNF:1
FNH:0
FNDA:0,(anonymous_0)
DA:5,0
DA:12,0
LF:2
LH:0
BRF:0
BRH:0
end_of_record
TN:
SF:src/components/create/EventForm.jsx
FN:13,(anonymous_0)
FN:25,(anonymous_1)
FN:27,(anonymous_2)
FN:33,(anonymous_3)
FN:44,(anonymous_4)
FN:45,(anonymous_5)
FN:46,(anonymous_6)
FN:155,(anonymous_7)
FN:157,(anonymous_8)
FN:158,(anonymous_9)
FNF:10
FNH:0
FNDA:0,(anonymous_0)
FNDA:0,(anonymous_1)
FNDA:0,(anonymous_2)
FNDA:0,(anonymous_3)
FNDA:0,(anonymous_4)
FNDA:0,(anonymous_5)
FNDA:0,(anonymous_6)
FNDA:0,(anonymous_7)
FNDA:0,(anonymous_8)
FNDA:0,(anonymous_9)
DA:13,0
DA:14,0
DA:25,0
DA:26,0
DA:27,0
DA:33,0
DA:34,0
DA:35,0
DA:36,0
DA:37,0
DA:44,0
DA:45,0
DA:47,0
DA:51,0
DA:60,0
DA:156,0
DA:158,0
LF:17
LH:0
BRDA:29,0,0,0
BRDA:29,0,1,0
BRDA:164,1,0,0
BRDA:164,1,1,0
BRDA:165,2,0,0
BRDA:165,2,1,0
BRF:6
BRH:0
end_of_record
TN:
SF:src/components/create/TaskEventContainer.jsx
FN:6,(anonymous_0)
FN:41,(anonymous_1)
FN:53,(anonymous_2)
FNF:3
FNH:0
FNDA:0,(anonymous_0)
FNDA:0,(anonymous_1)
FNDA:0,(anonymous_2)
DA:6,0
DA:7,0
DA:9,0
DA:41,0
DA:53,0
LF:5
LH:0
BRDA:36,0,0,0
BRDA:36,0,1,0
BRDA:37,1,0,0
BRDA:37,1,1,0
BRDA:42,2,0,0
BRDA:42,2,1,0
BRDA:48,3,0,0
BRDA:48,3,1,0
BRDA:49,4,0,0
BRDA:49,4,1,0
BRDA:54,5,0,0
BRDA:54,5,1,0
BRDA:62,6,0,0
BRDA:62,6,1,0
BRDA:64,7,0,0
BRDA:64,7,1,0
BRF:16
BRH:0
end_of_record
TN:
SF:src/components/create/TaskForm.jsx
FN:14,(anonymous_0)
FN:27,(anonymous_1)
FN:30,(anonymous_2)
FN:36,(anonymous_3)
FN:47,(anonymous_4)
FN:48,(anonymous_5)
FN:49,(anonymous_6)
FN:54,(anonymous_7)
FN:55,(anonymous_8)
FN:61,(anonymous_9)
FN:63,(anonymous_10)
FN:178,(anonymous_11)
FN:180,(anonymous_12)
FN:181,(anonymous_13)
FNF:14
FNH:0
FNDA:0,(anonymous_0)
FNDA:0,(anonymous_1)
FNDA:0,(anonymous_2)
FNDA:0,(anonymous_3)
FNDA:0,(anonymous_4)
FNDA:0,(anonymous_5)
FNDA:0,(anonymous_6)
FNDA:0,(anonymous_7)
FNDA:0,(anonymous_8)
FNDA:0,(anonymous_9)
FNDA:0,(anonymous_10)
FNDA:0,(anonymous_11)
FNDA:0,(anonymous_12)
FNDA:0,(anonymous_13)
DA:14,0
DA:15,0
DA:27,0
DA:28,0
DA:29,0
DA:30,0
DA:36,0
DA:37,0
DA:38,0
DA:39,0
DA:40,0
DA:47,0
DA:48,0
DA:50,0
DA:54,0
DA:55,0
DA:61,0
DA:62,0
DA:63,0
DA:69,0
DA:78,0
DA:179,0
DA:181,0
LF:23
LH:0
BRDA:32,0,0,0
BRDA:32,0,1,0
BRDA:62,1,0,0
BRDA:62,1,1,0
BRDA:187,2,0,0
BRDA:187,2,1,0
BRDA:188,3,0,0
BRDA:188,3,1,0
BRF:8
BRH:0
end_of_record
TN:
SF:src/components/main-page/CalendarGrid.jsx
FN:4,(anonymous_0)
FN:15,(anonymous_1)
FN:24,(anonymous_2)
FN:26,(anonymous_3)
FN:34,(anonymous_4)
FN:42,(anonymous_5)
FN:49,(anonymous_6)
FN:62,(anonymous_7)
FN:74,(anonymous_8)
FN:84,(anonymous_9)
FNF:10
FNH:10
FNDA:5,(anonymous_0)
FNDA:120,(anonymous_1)
FNDA:1685,(anonymous_2)
FNDA:3355,(anonymous_3)
FNDA:2,(anonymous_4)
FNDA:1,(anonymous_5)
FNDA:1,(anonymous_6)
FNDA:35,(anonymous_7)
FNDA:120,(anonymous_8)
FNDA:840,(anonymous_9)
DA:4,1
DA:5,5
DA:15,120
DA:16,5
DA:18,5
DA:24,5
DA:25,1685
DA:27,3355
DA:30,5
DA:32,5
DA:34,5
DA:35,2
DA:38,5
DA:42,1
DA:49,1
DA:63,35
DA:78,120
DA:85,840
LF:18
LH:18
BRDA:27,0,0,3355
BRDA:27,0,1,485
BRDA:88,1,0,10
BRDA:88,1,1,830
BRDA:90,2,0,10
BRDA:90,2,1,830
BRF:6
BRH:6
end_of_record
TN:
SF:src/components/main-page/ContentGrid.jsx
FN:6,(anonymous_0)
FNF:1
FNH:1
FNDA:3,(anonymous_0)
DA:6,1
DA:9,3
DA:11,1
DA:12,1
DA:14,1
DA:15,1
DA:18,1
DA:21,3
LF:8
LH:8
BRDA:6,0,0,1
BRDA:9,1,0,1
BRDA:9,1,1,1
BRDA:9,1,2,1
BRF:4
BRH:4
end_of_record
TN:
SF:src/components/main-page/Header.jsx
FN:10,(anonymous_0)
FN:13,(anonymous_1)
FN:14,(anonymous_2)
FNF:3
FNH:1
FNDA:16,(anonymous_0)
FNDA:0,(anonymous_1)
FNDA:0,(anonymous_2)
DA:10,1
DA:11,16
DA:13,16
DA:14,16
DA:16,16
LF:5
LH:5
BRF:0
BRH:0
end_of_record
TN:
SF:src/components/main-page/LeftPanel.jsx
FN:6,(anonymous_0)
FN:9,(anonymous_1)
FN:13,(anonymous_2)
FN:14,(anonymous_3)
FN:25,(anonymous_4)
FN:30,(anonymous_5)
FN:48,(anonymous_6)
FN:61,(anonymous_7)
FN:69,(anonymous_8)
FNF:9
FNH:7
FNDA:5,(anonymous_0)
FNDA:2,(anonymous_1)
FNDA:5,(anonymous_2)
FNDA:3,(anonymous_3)
FNDA:5,(anonymous_4)
FNDA:1,(anonymous_5)
FNDA:1,(anonymous_6)
FNDA:0,(anonymous_7)
FNDA:0,(anonymous_8)
DA:6,1
DA:7,5
DA:9,5
DA:10,2
DA:13,5
DA:14,5
DA:15,3
DA:19,1
DA:23,5
DA:25,5
DA:26,5
DA:30,5
DA:31,1
DA:34,5
DA:48,1
DA:61,0
DA:69,0
LF:17
LH:15
BRDA:15,0,0,1
BRDA:15,0,1,2
BRDA:16,1,0,3
BRDA:16,1,1,1
BRDA:50,2,0,0
BRDA:50,2,1,5
BRDA:51,3,0,0
BRDA:51,3,1,5
BRDA:90,4,0,5
BRDA:90,4,1,1
BRF:10
BRH:8
end_of_record
TN:
SF:src/components/main-page/Settings.jsx
FN:5,(anonymous_0)
FNF:1
FNH:1
FNDA:2,(anonymous_0)
DA:5,1
DA:6,2
LF:2
LH:2
BRF:0
BRH:0
end_of_record
TN:
SF:src/components/main-page/SmallCalendar.jsx
FN:5,SmallCalendar
FN:23,(anonymous_1)
FNF:2
FNH:1
FNDA:3,SmallCalendar
FNDA:0,(anonymous_1)
DA:6,3
DA:9,3
DA:18,3
DA:24,0
LF:4
LH:3
BRF:0
BRH:0
end_of_record
TN:
SF:src/components/main-page/ToDoList.jsx
FN:5,(anonymous_0)
FNF:1
FNH:1
FNDA:2,(anonymous_0)
DA:5,1
DA:6,2
LF:2
LH:2
BRF:0
BRH:0
end_of_record
TN:
SF:src/components/main-page/WeeklyCalendar.jsx
FN:65,(anonymous_0)
FN:66,(anonymous_1)
FN:71,(anonymous_2)
FN:72,(anonymous_3)
FN:77,(anonymous_4)
FN:84,(anonymous_5)
FN:91,(anonymous_6)
FN:123,(anonymous_7)
FN:125,(anonymous_8)
FN:126,(anonymous_9)
FNF:10
FNH:5
FNDA:1,(anonymous_0)
FNDA:1,(anonymous_1)
FNDA:1,(anonymous_2)
FNDA:1,(anonymous_3)
FNDA:0,(anonymous_4)
FNDA:0,(anonymous_5)
FNDA:5,(anonymous_6)
FNDA:0,(anonymous_7)
FNDA:0,(anonymous_8)
FNDA:0,(anonymous_9)
DA:15,1
DA:55,3
DA:62,3
DA:63,3
DA:65,3
DA:66,1
DA:71,3
DA:72,1
DA:77,3
DA:78,0
DA:84,3
DA:85,0
DA:92,5
DA:94,5
DA:123,1
DA:124,0
DA:125,0
DA:126,0
DA:128,0
DA:140,0
LF:20
LH:13
BRF:0
BRH:0
end_of_record
