TN:
SF:routes/eventRouter.js
FN:8,(anonymous_0)
FN:18,(anonymous_1)
FN:51,(anonymous_2)
FN:56,(anonymous_3)
FN:66,(anonymous_4)
FN:86,getEvent
FNF:6
FNH:3
FNDA:2,(anonymous_0)
FNDA:0,(anonymous_1)
FNDA:1,(anonymous_2)
FNDA:0,(anonymous_3)
FNDA:0,(anonymous_4)
FNDA:4,getEvent
DA:5,1
DA:8,1
DA:9,2
DA:10,2
DA:11,1
DA:13,1
DA:18,1
DA:29,0
DA:30,0
DA:42,0
DA:43,0
DA:44,0
DA:46,0
DA:51,1
DA:52,1
DA:56,1
DA:57,0
DA:58,0
DA:59,0
DA:61,0
DA:66,1
DA:67,0
DA:68,0
DA:69,0
DA:75,0
DA:76,0
DA:79,0
DA:81,0
DA:88,4
DA:89,4
DA:90,4
DA:91,3
DA:94,0
DA:97,1
DA:98,1
LF:35
LH:17
BRDA:75,0,0,0
BRDA:75,0,1,0
BRDA:90,1,0,3
BRDA:90,1,1,1
BRF:4
BRH:2
end_of_record
TN:
SF:routes/taskRouter.js
FN:8,(anonymous_0)
FN:18,(anonymous_1)
FN:51,(anonymous_2)
FN:56,(anonymous_3)
FN:66,getTask
FNF:5
FNH:4
FNDA:2,(anonymous_0)
FNDA:2,(anonymous_1)
FNDA:1,(anonymous_2)
FNDA:0,(anonymous_3)
FNDA:4,getTask
DA:5,1
DA:8,1
DA:9,2
DA:10,2
DA:11,1
DA:13,1
DA:18,1
DA:29,2
DA:30,2
DA:42,0
DA:43,0
DA:44,0
DA:46,0
DA:51,1
DA:52,1
DA:56,1
DA:57,0
DA:58,0
DA:59,0
DA:61,0
DA:68,4
DA:69,4
DA:70,4
DA:71,3
DA:74,0
DA:77,1
DA:78,1
LF:27
LH:18
BRDA:70,0,0,3
BRDA:70,0,1,1
BRF:2
BRH:2
end_of_record
TN:
SF:utils/database.js
FN:3,(anonymous_0)
FNF:1
FNH:1
FNDA:2,(anonymous_0)
DA:3,1
DA:4,2
DA:5,2
DA:6,1
DA:8,1
DA:10,1
LF:6
LH:6
BRF:0
BRH:0
end_of_record
TN:
SF:utils/logger.js
FN:3,(anonymous_0)
FNF:1
FNH:0
FNDA:0,(anonymous_0)
DA:3,3
DA:4,0
DA:7,3
LF:3
LH:2
BRF:0
BRH:0
end_of_record
